{"/home/radic/node/@radic/console/src/index.js":{"path":"/home/radic/node/@radic/console/src/index.js","statementMap":{"0":{"start":{"line":3,"column":4},"end":{"line":3,"column":71}},"1":{"start":{"line":3,"column":21},"end":{"line":3,"column":71}},"2":{"start":{"line":3,"column":53},"end":{"line":3,"column":71}},"3":{"start":{"line":5,"column":0},"end":{"line":5,"column":62}},"4":{"start":{"line":6,"column":0},"end":{"line":6,"column":28}},"5":{"start":{"line":7,"column":0},"end":{"line":7,"column":34}},"6":{"start":{"line":8,"column":0},"end":{"line":8,"column":34}},"7":{"start":{"line":9,"column":0},"end":{"line":9,"column":37}},"8":{"start":{"line":10,"column":0},"end":{"line":10,"column":29}},"9":{"start":{"line":11,"column":0},"end":{"line":11,"column":32}}},"fnMap":{"0":{"name":"__export","decl":{"start":{"line":2,"column":9},"end":{"line":2,"column":17}},"loc":{"start":{"line":2,"column":21},"end":{"line":4,"column":1}},"line":2}},"branchMap":{"0":{"loc":{"start":{"line":3,"column":21},"end":{"line":3,"column":71}},"type":"if","locations":[{"start":{"line":3,"column":21},"end":{"line":3,"column":71}},{"start":{"line":3,"column":21},"end":{"line":3,"column":71}}],"line":3}},"s":{"0":5,"1":45,"2":45,"3":1,"4":1,"5":1,"6":1,"7":1,"8":1,"9":1},"f":{"0":5},"b":{"0":[45,0]},"_coverageSchema":"332fd63041d2c1bcb487cc26dd0d5f7d97098a6c","hash":"0f8b8196222ad287fab267c83bbde66b42eb140b","contentHash":"b2c5304f64fbdbe514d76d344aec2aa9_11.0.3"},"/home/radic/node/@radic/console/src/core/index.js":{"path":"/home/radic/node/@radic/console/src/core/index.js","statementMap":{"0":{"start":{"line":3,"column":4},"end":{"line":3,"column":71}},"1":{"start":{"line":3,"column":21},"end":{"line":3,"column":71}},"2":{"start":{"line":3,"column":53},"end":{"line":3,"column":71}},"3":{"start":{"line":5,"column":0},"end":{"line":5,"column":62}},"4":{"start":{"line":6,"column":0},"end":{"line":6,"column":33}},"5":{"start":{"line":7,"column":0},"end":{"line":7,"column":30}},"6":{"start":{"line":8,"column":10},"end":{"line":8,"column":26}},"7":{"start":{"line":9,"column":0},"end":{"line":9,"column":18}},"8":{"start":{"line":10,"column":0},"end":{"line":10,"column":34}},"9":{"start":{"line":11,"column":0},"end":{"line":11,"column":30}},"10":{"start":{"line":12,"column":0},"end":{"line":12,"column":31}},"11":{"start":{"line":13,"column":0},"end":{"line":13,"column":27}}},"fnMap":{"0":{"name":"__export","decl":{"start":{"line":2,"column":9},"end":{"line":2,"column":17}},"loc":{"start":{"line":2,"column":21},"end":{"line":4,"column":1}},"line":2}},"branchMap":{"0":{"loc":{"start":{"line":3,"column":21},"end":{"line":3,"column":71}},"type":"if","locations":[{"start":{"line":3,"column":21},"end":{"line":3,"column":71}},{"start":{"line":3,"column":21},"end":{"line":3,"column":71}}],"line":3}},"s":{"0":6,"1":28,"2":28,"3":1,"4":1,"5":1,"6":1,"7":1,"8":1,"9":1,"10":1,"11":1},"f":{"0":6},"b":{"0":[28,0]},"_coverageSchema":"332fd63041d2c1bcb487cc26dd0d5f7d97098a6c","hash":"25cea55ba02e4c0d844697e8d825f295cc6e48e3","contentHash":"0b9549d2faa860b56b57c8a0f0b2583d_11.0.3"},"/home/radic/node/@radic/console/src/core/Container.js":{"path":"/home/radic/node/@radic/console/src/core/Container.js","statementMap":{"0":{"start":{"line":2,"column":16},"end":{"line":11,"column":4}},"1":{"start":{"line":3,"column":24},"end":{"line":5,"column":82}},"2":{"start":{"line":4,"column":65},"end":{"line":4,"column":81}},"3":{"start":{"line":5,"column":26},"end":{"line":5,"column":80}},"4":{"start":{"line":5,"column":43},"end":{"line":5,"column":80}},"5":{"start":{"line":5,"column":68},"end":{"line":5,"column":80}},"6":{"start":{"line":6,"column":4},"end":{"line":10,"column":6}},"7":{"start":{"line":7,"column":8},"end":{"line":7,"column":28}},"8":{"start":{"line":8,"column":24},"end":{"line":8,"column":45}},"9":{"start":{"line":9,"column":8},"end":{"line":9,"column":93}},"10":{"start":{"line":12,"column":0},"end":{"line":12,"column":62}},"11":{"start":{"line":13,"column":18},"end":{"line":13,"column":38}},"12":{"start":{"line":14,"column":37},"end":{"line":14,"column":76}},"13":{"start":{"line":15,"column":36},"end":{"line":15,"column":74}},"14":{"start":{"line":16,"column":17},"end":{"line":79,"column":24}},"15":{"start":{"line":17,"column":4},"end":{"line":17,"column":33}},"16":{"start":{"line":19,"column":8},"end":{"line":19,"column":59}},"17":{"start":{"line":21,"column":4},"end":{"line":26,"column":6}},"18":{"start":{"line":22,"column":8},"end":{"line":24,"column":9}},"19":{"start":{"line":23,"column":12},"end":{"line":23,"column":49}},"20":{"start":{"line":25,"column":8},"end":{"line":25,"column":34}},"21":{"start":{"line":27,"column":4},"end":{"line":37,"column":6}},"22":{"start":{"line":28,"column":8},"end":{"line":35,"column":9}},"23":{"start":{"line":29,"column":12},"end":{"line":29,"column":39}},"24":{"start":{"line":30,"column":20},"end":{"line":30,"column":46}},"25":{"start":{"line":31,"column":12},"end":{"line":31,"column":50}},"26":{"start":{"line":32,"column":27},"end":{"line":32,"column":38}},"27":{"start":{"line":33,"column":12},"end":{"line":33,"column":27}},"28":{"start":{"line":34,"column":12},"end":{"line":34,"column":28}},"29":{"start":{"line":36,"column":8},"end":{"line":36,"column":33}},"30":{"start":{"line":38,"column":4},"end":{"line":40,"column":6}},"31":{"start":{"line":39,"column":8},"end":{"line":39,"column":33}},"32":{"start":{"line":41,"column":4},"end":{"line":48,"column":6}},"33":{"start":{"line":42,"column":8},"end":{"line":42,"column":49}},"34":{"start":{"line":42,"column":34},"end":{"line":42,"column":47}},"35":{"start":{"line":43,"column":8},"end":{"line":46,"column":9}},"36":{"start":{"line":44,"column":12},"end":{"line":44,"column":30}},"37":{"start":{"line":45,"column":12},"end":{"line":45,"column":68}},"38":{"start":{"line":47,"column":8},"end":{"line":47,"column":23}},"39":{"start":{"line":49,"column":4},"end":{"line":55,"column":6}},"40":{"start":{"line":50,"column":8},"end":{"line":54,"column":9}},"41":{"start":{"line":51,"column":12},"end":{"line":51,"column":60}},"42":{"start":{"line":56,"column":4},"end":{"line":58,"column":6}},"43":{"start":{"line":57,"column":8},"end":{"line":57,"column":35}},"44":{"start":{"line":59,"column":4},"end":{"line":61,"column":6}},"45":{"start":{"line":60,"column":8},"end":{"line":60,"column":38}},"46":{"start":{"line":62,"column":4},"end":{"line":65,"column":6}},"47":{"start":{"line":63,"column":8},"end":{"line":63,"column":35}},"48":{"start":{"line":64,"column":8},"end":{"line":64,"column":49}},"49":{"start":{"line":66,"column":4},"end":{"line":68,"column":6}},"50":{"start":{"line":67,"column":8},"end":{"line":67,"column":34}},"51":{"start":{"line":69,"column":4},"end":{"line":71,"column":6}},"52":{"start":{"line":70,"column":8},"end":{"line":70,"column":40}},"53":{"start":{"line":72,"column":4},"end":{"line":74,"column":6}},"54":{"start":{"line":73,"column":8},"end":{"line":73,"column":71}},"55":{"start":{"line":75,"column":4},"end":{"line":77,"column":6}},"56":{"start":{"line":76,"column":8},"end":{"line":76,"column":50}},"57":{"start":{"line":78,"column":4},"end":{"line":78,"column":21}},"58":{"start":{"line":80,"column":0},"end":{"line":80,"column":30}},"59":{"start":{"line":81,"column":0},"end":{"line":81,"column":44}},"60":{"start":{"line":82,"column":0},"end":{"line":82,"column":70}},"61":{"start":{"line":82,"column":35},"end":{"line":82,"column":67}},"62":{"start":{"line":83,"column":0},"end":{"line":83,"column":89}},"63":{"start":{"line":84,"column":0},"end":{"line":84,"column":89}},"64":{"start":{"line":85,"column":15},"end":{"line":85,"column":91}},"65":{"start":{"line":86,"column":0},"end":{"line":90,"column":2}},"66":{"start":{"line":87,"column":4},"end":{"line":89,"column":5}},"67":{"start":{"line":88,"column":8},"end":{"line":88,"column":62}},"68":{"start":{"line":91,"column":0},"end":{"line":93,"column":2}},"69":{"start":{"line":92,"column":4},"end":{"line":92,"column":34}},"70":{"start":{"line":94,"column":0},"end":{"line":96,"column":2}},"71":{"start":{"line":95,"column":4},"end":{"line":95,"column":40}}},"fnMap":{"0":{"name":"(anonymous_0)","decl":{"start":{"line":2,"column":45},"end":{"line":2,"column":46}},"loc":{"start":{"line":2,"column":57},"end":{"line":11,"column":1}},"line":2},"1":{"name":"(anonymous_1)","decl":{"start":{"line":4,"column":47},"end":{"line":4,"column":48}},"loc":{"start":{"line":4,"column":63},"end":{"line":4,"column":83}},"line":4},"2":{"name":"(anonymous_2)","decl":{"start":{"line":5,"column":8},"end":{"line":5,"column":9}},"loc":{"start":{"line":5,"column":24},"end":{"line":5,"column":82}},"line":5},"3":{"name":"(anonymous_3)","decl":{"start":{"line":6,"column":11},"end":{"line":6,"column":12}},"loc":{"start":{"line":6,"column":27},"end":{"line":10,"column":5}},"line":6},"4":{"name":"__","decl":{"start":{"line":8,"column":17},"end":{"line":8,"column":19}},"loc":{"start":{"line":8,"column":22},"end":{"line":8,"column":47}},"line":8},"5":{"name":"(anonymous_5)","decl":{"start":{"line":16,"column":17},"end":{"line":16,"column":18}},"loc":{"start":{"line":16,"column":35},"end":{"line":79,"column":1}},"line":16},"6":{"name":"Container","decl":{"start":{"line":18,"column":13},"end":{"line":18,"column":22}},"loc":{"start":{"line":18,"column":41},"end":{"line":20,"column":5}},"line":18},"7":{"name":"(anonymous_7)","decl":{"start":{"line":21,"column":28},"end":{"line":21,"column":29}},"loc":{"start":{"line":21,"column":40},"end":{"line":26,"column":5}},"line":21},"8":{"name":"(anonymous_8)","decl":{"start":{"line":27,"column":32},"end":{"line":27,"column":33}},"loc":{"start":{"line":27,"column":62},"end":{"line":37,"column":5}},"line":27},"9":{"name":"(anonymous_9)","decl":{"start":{"line":38,"column":31},"end":{"line":38,"column":32}},"loc":{"start":{"line":38,"column":46},"end":{"line":40,"column":5}},"line":38},"10":{"name":"(anonymous_10)","decl":{"start":{"line":41,"column":43},"end":{"line":41,"column":44}},"loc":{"start":{"line":41,"column":67},"end":{"line":48,"column":5}},"line":41},"11":{"name":"(anonymous_11)","decl":{"start":{"line":49,"column":43},"end":{"line":49,"column":44}},"loc":{"start":{"line":49,"column":58},"end":{"line":55,"column":5}},"line":49},"12":{"name":"(anonymous_12)","decl":{"start":{"line":56,"column":33},"end":{"line":56,"column":34}},"loc":{"start":{"line":56,"column":47},"end":{"line":58,"column":5}},"line":56},"13":{"name":"(anonymous_13)","decl":{"start":{"line":59,"column":37},"end":{"line":59,"column":38}},"loc":{"start":{"line":59,"column":51},"end":{"line":61,"column":5}},"line":59},"14":{"name":"(anonymous_14)","decl":{"start":{"line":62,"column":36},"end":{"line":62,"column":37}},"loc":{"start":{"line":62,"column":55},"end":{"line":65,"column":5}},"line":62},"15":{"name":"(anonymous_15)","decl":{"start":{"line":66,"column":33},"end":{"line":66,"column":34}},"loc":{"start":{"line":66,"column":47},"end":{"line":68,"column":5}},"line":66},"16":{"name":"(anonymous_16)","decl":{"start":{"line":69,"column":37},"end":{"line":69,"column":38}},"loc":{"start":{"line":69,"column":49},"end":{"line":71,"column":5}},"line":69},"17":{"name":"(anonymous_17)","decl":{"start":{"line":72,"column":35},"end":{"line":72,"column":36}},"loc":{"start":{"line":72,"column":80},"end":{"line":74,"column":5}},"line":72},"18":{"name":"(anonymous_18)","decl":{"start":{"line":75,"column":35},"end":{"line":75,"column":36}},"loc":{"start":{"line":75,"column":54},"end":{"line":77,"column":5}},"line":75},"19":{"name":"(anonymous_19)","decl":{"start":{"line":82,"column":21},"end":{"line":82,"column":22}},"loc":{"start":{"line":82,"column":33},"end":{"line":82,"column":69}},"line":82},"20":{"name":"(anonymous_20)","decl":{"start":{"line":86,"column":20},"end":{"line":86,"column":21}},"loc":{"start":{"line":86,"column":42},"end":{"line":90,"column":1}},"line":86},"21":{"name":"(anonymous_21)","decl":{"start":{"line":91,"column":17},"end":{"line":91,"column":18}},"loc":{"start":{"line":91,"column":31},"end":{"line":93,"column":1}},"line":91},"22":{"name":"(anonymous_22)","decl":{"start":{"line":94,"column":17},"end":{"line":94,"column":18}},"loc":{"start":{"line":94,"column":31},"end":{"line":96,"column":1}},"line":94}},"branchMap":{"0":{"loc":{"start":{"line":2,"column":16},"end":{"line":11,"column":4}},"type":"binary-expr","locations":[{"start":{"line":2,"column":17},"end":{"line":2,"column":21}},{"start":{"line":2,"column":25},"end":{"line":2,"column":39}},{"start":{"line":2,"column":44},"end":{"line":11,"column":4}}],"line":2},"1":{"loc":{"start":{"line":3,"column":24},"end":{"line":5,"column":82}},"type":"binary-expr","locations":[{"start":{"line":3,"column":24},"end":{"line":3,"column":45}},{"start":{"line":4,"column":9},"end":{"line":4,"column":43}},{"start":{"line":4,"column":47},"end":{"line":4,"column":83}},{"start":{"line":5,"column":8},"end":{"line":5,"column":82}}],"line":3},"2":{"loc":{"start":{"line":5,"column":43},"end":{"line":5,"column":80}},"type":"if","locations":[{"start":{"line":5,"column":43},"end":{"line":5,"column":80}},{"start":{"line":5,"column":43},"end":{"line":5,"column":80}}],"line":5},"3":{"loc":{"start":{"line":9,"column":22},"end":{"line":9,"column":92}},"type":"cond-expr","locations":[{"start":{"line":9,"column":35},"end":{"line":9,"column":51}},{"start":{"line":9,"column":55},"end":{"line":9,"column":91}}],"line":9},"4":{"loc":{"start":{"line":19,"column":15},"end":{"line":19,"column":58}},"type":"binary-expr","locations":[{"start":{"line":19,"column":15},"end":{"line":19,"column":50}},{"start":{"line":19,"column":54},"end":{"line":19,"column":58}}],"line":19},"5":{"loc":{"start":{"line":22,"column":8},"end":{"line":24,"column":9}},"type":"if","locations":[{"start":{"line":22,"column":8},"end":{"line":24,"column":9}},{"start":{"line":22,"column":8},"end":{"line":24,"column":9}}],"line":22},"6":{"loc":{"start":{"line":28,"column":8},"end":{"line":35,"column":9}},"type":"if","locations":[{"start":{"line":28,"column":8},"end":{"line":35,"column":9}},{"start":{"line":28,"column":8},"end":{"line":35,"column":9}}],"line":28},"7":{"loc":{"start":{"line":42,"column":8},"end":{"line":42,"column":49}},"type":"if","locations":[{"start":{"line":42,"column":8},"end":{"line":42,"column":49}},{"start":{"line":42,"column":8},"end":{"line":42,"column":49}}],"line":42},"8":{"loc":{"start":{"line":43,"column":8},"end":{"line":46,"column":9}},"type":"if","locations":[{"start":{"line":43,"column":8},"end":{"line":46,"column":9}},{"start":{"line":43,"column":8},"end":{"line":46,"column":9}}],"line":43},"9":{"loc":{"start":{"line":87,"column":4},"end":{"line":89,"column":5}},"type":"if","locations":[{"start":{"line":87,"column":4},"end":{"line":89,"column":5}},{"start":{"line":87,"column":4},"end":{"line":89,"column":5}}],"line":87}},"s":{"0":1,"1":1,"2":0,"3":0,"4":0,"5":0,"6":1,"7":1,"8":1,"9":1,"10":1,"11":1,"12":1,"13":1,"14":1,"15":1,"16":1,"17":1,"18":1,"19":1,"20":1,"21":1,"22":0,"23":0,"24":0,"25":0,"26":0,"27":0,"28":0,"29":0,"30":1,"31":0,"32":1,"33":0,"34":0,"35":0,"36":0,"37":0,"38":0,"39":1,"40":0,"41":0,"42":1,"43":0,"44":1,"45":0,"46":1,"47":0,"48":0,"49":1,"50":0,"51":1,"52":0,"53":1,"54":0,"55":1,"56":1,"57":1,"58":1,"59":1,"60":1,"61":1,"62":1,"63":1,"64":1,"65":1,"66":2,"67":2,"68":1,"69":7,"70":1,"71":0},"f":{"0":1,"1":0,"2":0,"3":1,"4":1,"5":1,"6":1,"7":1,"8":0,"9":0,"10":0,"11":0,"12":0,"13":0,"14":0,"15":0,"16":0,"17":0,"18":1,"19":1,"20":2,"21":7,"22":0},"b":{"0":[1,1,1],"1":[1,0,0,0],"2":[0,0],"3":[0,1],"4":[1,1],"5":[1,0],"6":[0,0],"7":[0,0],"8":[0,0],"9":[2,0]},"_coverageSchema":"332fd63041d2c1bcb487cc26dd0d5f7d97098a6c","hash":"4a23380f411857ae43f73fc66ad93373562f5bb5","contentHash":"6214687cca5bb293eff6ca7b15bbfe54_11.0.3"},"/home/radic/node/@radic/console/src/core/config.js":{"path":"/home/radic/node/@radic/console/src/core/config.js","statementMap":{"0":{"start":{"line":2,"column":0},"end":{"line":2,"column":62}},"1":{"start":{"line":3,"column":13},"end":{"line":3,"column":35}},"2":{"start":{"line":4,"column":18},"end":{"line":4,"column":40}},"3":{"start":{"line":5,"column":17},"end":{"line":5,"column":39}},"4":{"start":{"line":6,"column":20},"end":{"line":6,"column":48}},"5":{"start":{"line":7,"column":14},"end":{"line":7,"column":46}},"6":{"start":{"line":8,"column":0},"end":{"line":8,"column":53}},"7":{"start":{"line":9,"column":0},"end":{"line":9,"column":71}},"8":{"start":{"line":10,"column":0},"end":{"line":10,"column":73}}},"fnMap":{},"branchMap":{},"s":{"0":1,"1":1,"2":1,"3":1,"4":1,"5":1,"6":1,"7":1,"8":1},"f":{},"b":{},"_coverageSchema":"332fd63041d2c1bcb487cc26dd0d5f7d97098a6c","hash":"403b289f604e48d64e8e464f3f27f7cfc5911923","contentHash":"520609904bd2b835a52e58bb36ea1c4e_11.0.3"},"/home/radic/node/@radic/console/src/defaults.js":{"path":"/home/radic/node/@radic/console/src/defaults.js","statementMap":{"0":{"start":{"line":2,"column":0},"end":{"line":2,"column":62}},"1":{"start":{"line":3,"column":15},"end":{"line":3,"column":32}},"2":{"start":{"line":4,"column":18},"end":{"line":4,"column":45}},"3":{"start":{"line":5,"column":0},"end":{"line":108,"column":2}},"4":{"start":{"line":7,"column":8},"end":{"line":40,"column":11}},"5":{"start":{"line":43,"column":21},"end":{"line":43,"column":60}},"6":{"start":{"line":44,"column":8},"end":{"line":62,"column":11}},"7":{"start":{"line":65,"column":8},"end":{"line":71,"column":11}},"8":{"start":{"line":74,"column":8},"end":{"line":79,"column":11}},"9":{"start":{"line":82,"column":8},"end":{"line":91,"column":11}},"10":{"start":{"line":94,"column":8},"end":{"line":106,"column":11}}},"fnMap":{"0":{"name":"(anonymous_0)","decl":{"start":{"line":6,"column":12},"end":{"line":6,"column":13}},"loc":{"start":{"line":6,"column":24},"end":{"line":41,"column":5}},"line":6},"1":{"name":"(anonymous_1)","decl":{"start":{"line":42,"column":13},"end":{"line":42,"column":14}},"loc":{"start":{"line":42,"column":28},"end":{"line":63,"column":5}},"line":42},"2":{"name":"(anonymous_2)","decl":{"start":{"line":64,"column":12},"end":{"line":64,"column":13}},"loc":{"start":{"line":64,"column":32},"end":{"line":72,"column":5}},"line":64},"3":{"name":"(anonymous_3)","decl":{"start":{"line":73,"column":12},"end":{"line":73,"column":13}},"loc":{"start":{"line":73,"column":24},"end":{"line":80,"column":5}},"line":73},"4":{"name":"(anonymous_4)","decl":{"start":{"line":81,"column":14},"end":{"line":81,"column":15}},"loc":{"start":{"line":81,"column":31},"end":{"line":92,"column":5}},"line":81},"5":{"name":"(anonymous_5)","decl":{"start":{"line":93,"column":12},"end":{"line":93,"column":13}},"loc":{"start":{"line":93,"column":24},"end":{"line":107,"column":5}},"line":93}},"branchMap":{},"s":{"0":1,"1":1,"2":1,"3":1,"4":1,"5":1,"6":1,"7":0,"8":1,"9":6,"10":4},"f":{"0":1,"1":1,"2":0,"3":1,"4":6,"5":4},"b":{},"_coverageSchema":"332fd63041d2c1bcb487cc26dd0d5f7d97098a6c","hash":"f34244e86f5c05642aa2281f8224bfc352d6a675","contentHash":"11d7609801f857c68b76701382af1bbf_11.0.3"},"/home/radic/node/@radic/console/src/core/Log.js":{"path":"/home/radic/node/@radic/console/src/core/Log.js","statementMap":{"0":{"start":{"line":2,"column":0},"end":{"line":2,"column":62}},"1":{"start":{"line":3,"column":14},"end":{"line":3,"column":32}},"2":{"start":{"line":4,"column":18},"end":{"line":4,"column":40}},"3":{"start":{"line":5,"column":23},"end":{"line":5,"column":55}},"4":{"start":{"line":6,"column":13},"end":{"line":6,"column":35}},"5":{"start":{"line":7,"column":11},"end":{"line":7,"column":26}},"6":{"start":{"line":9,"column":15},"end":{"line":9,"column":30}},"7":{"start":{"line":10,"column":17},"end":{"line":10,"column":19}},"8":{"start":{"line":11,"column":4},"end":{"line":44,"column":5}},"9":{"start":{"line":12,"column":8},"end":{"line":14,"column":9}},"10":{"start":{"line":13,"column":12},"end":{"line":13,"column":30}},"11":{"start":{"line":15,"column":8},"end":{"line":43,"column":9}},"12":{"start":{"line":16,"column":12},"end":{"line":16,"column":32}},"13":{"start":{"line":18,"column":13},"end":{"line":43,"column":9}},"14":{"start":{"line":19,"column":12},"end":{"line":42,"column":13}},"15":{"start":{"line":20,"column":16},"end":{"line":20,"column":57}},"16":{"start":{"line":22,"column":17},"end":{"line":42,"column":13}},"17":{"start":{"line":23,"column":16},"end":{"line":23,"column":98}},"18":{"start":{"line":25,"column":17},"end":{"line":42,"column":13}},"19":{"start":{"line":32,"column":28},"end":{"line":32,"column":38}},"20":{"start":{"line":33,"column":16},"end":{"line":33,"column":34}},"21":{"start":{"line":34,"column":16},"end":{"line":34,"column":34}},"22":{"start":{"line":35,"column":16},"end":{"line":35,"column":55}},"23":{"start":{"line":36,"column":16},"end":{"line":38,"column":17}},"24":{"start":{"line":37,"column":20},"end":{"line":37,"column":47}},"25":{"start":{"line":41,"column":16},"end":{"line":41,"column":55}},"26":{"start":{"line":45,"column":4},"end":{"line":45,"column":18}},"27":{"start":{"line":47,"column":0},"end":{"line":47,"column":40}},"28":{"start":{"line":48,"column":0},"end":{"line":48,"column":47}},"29":{"start":{"line":49,"column":0},"end":{"line":63,"column":2}},"30":{"start":{"line":55,"column":26},"end":{"line":55,"column":70}},"31":{"start":{"line":56,"column":24},"end":{"line":56,"column":111}},"32":{"start":{"line":57,"column":24},"end":{"line":57,"column":100}},"33":{"start":{"line":58,"column":23},"end":{"line":58,"column":46}},"34":{"start":{"line":59,"column":29},"end":{"line":59,"column":60}},"35":{"start":{"line":60,"column":12},"end":{"line":60,"column":70}},"36":{"start":{"line":64,"column":0},"end":{"line":64,"column":110}},"37":{"start":{"line":65,"column":0},"end":{"line":65,"column":20}},"38":{"start":{"line":66,"column":0},"end":{"line":66,"column":20}},"39":{"start":{"line":67,"column":0},"end":{"line":70,"column":3}},"40":{"start":{"line":68,"column":4},"end":{"line":68,"column":34}},"41":{"start":{"line":69,"column":4},"end":{"line":69,"column":134}},"42":{"start":{"line":71,"column":0},"end":{"line":71,"column":34}},"43":{"start":{"line":72,"column":0},"end":{"line":82,"column":3}},"44":{"start":{"line":73,"column":4},"end":{"line":81,"column":7}},"45":{"start":{"line":76,"column":16},"end":{"line":76,"column":28}},"46":{"start":{"line":84,"column":4},"end":{"line":86,"column":5}},"47":{"start":{"line":85,"column":8},"end":{"line":85,"column":41}},"48":{"start":{"line":87,"column":4},"end":{"line":87,"column":66}},"49":{"start":{"line":89,"column":0},"end":{"line":89,"column":34}},"50":{"start":{"line":91,"column":16},"end":{"line":91,"column":61}},"51":{"start":{"line":92,"column":4},"end":{"line":94,"column":5}},"52":{"start":{"line":93,"column":8},"end":{"line":93,"column":45}},"53":{"start":{"line":95,"column":4},"end":{"line":95,"column":23}},"54":{"start":{"line":97,"column":0},"end":{"line":97,"column":36}}},"fnMap":{"0":{"name":"getConsoleMeta","decl":{"start":{"line":8,"column":9},"end":{"line":8,"column":23}},"loc":{"start":{"line":8,"column":33},"end":{"line":46,"column":1}},"line":8},"1":{"name":"(anonymous_1)","decl":{"start":{"line":54,"column":19},"end":{"line":54,"column":20}},"loc":{"start":{"line":54,"column":38},"end":{"line":61,"column":9}},"line":54},"2":{"name":"(anonymous_2)","decl":{"start":{"line":67,"column":26},"end":{"line":67,"column":27}},"loc":{"start":{"line":67,"column":50},"end":{"line":70,"column":1}},"line":67},"3":{"name":"(anonymous_3)","decl":{"start":{"line":72,"column":53},"end":{"line":72,"column":54}},"loc":{"start":{"line":72,"column":68},"end":{"line":82,"column":1}},"line":72},"4":{"name":"(anonymous_4)","decl":{"start":{"line":75,"column":20},"end":{"line":75,"column":21}},"loc":{"start":{"line":75,"column":48},"end":{"line":77,"column":13}},"line":75},"5":{"name":"setLogLevel","decl":{"start":{"line":83,"column":9},"end":{"line":83,"column":20}},"loc":{"start":{"line":83,"column":28},"end":{"line":88,"column":1}},"line":83},"6":{"name":"setVerbosity","decl":{"start":{"line":90,"column":9},"end":{"line":90,"column":21}},"loc":{"start":{"line":90,"column":33},"end":{"line":96,"column":1}},"line":90}},"branchMap":{"0":{"loc":{"start":{"line":11,"column":4},"end":{"line":44,"column":5}},"type":"if","locations":[{"start":{"line":11,"column":4},"end":{"line":44,"column":5}},{"start":{"line":11,"column":4},"end":{"line":44,"column":5}}],"line":11},"1":{"loc":{"start":{"line":11,"column":8},"end":{"line":11,"column":43}},"type":"binary-expr","locations":[{"start":{"line":11,"column":8},"end":{"line":11,"column":21}},{"start":{"line":11,"column":25},"end":{"line":11,"column":43}}],"line":11},"2":{"loc":{"start":{"line":12,"column":8},"end":{"line":14,"column":9}},"type":"if","locations":[{"start":{"line":12,"column":8},"end":{"line":14,"column":9}},{"start":{"line":12,"column":8},"end":{"line":14,"column":9}}],"line":12},"3":{"loc":{"start":{"line":12,"column":12},"end":{"line":12,"column":55}},"type":"binary-expr","locations":[{"start":{"line":12,"column":12},"end":{"line":12,"column":16}},{"start":{"line":12,"column":20},"end":{"line":12,"column":41}},{"start":{"line":12,"column":45},"end":{"line":12,"column":55}}],"line":12},"4":{"loc":{"start":{"line":15,"column":8},"end":{"line":43,"column":9}},"type":"if","locations":[{"start":{"line":15,"column":8},"end":{"line":43,"column":9}},{"start":{"line":15,"column":8},"end":{"line":43,"column":9}}],"line":15},"5":{"loc":{"start":{"line":18,"column":13},"end":{"line":43,"column":9}},"type":"if","locations":[{"start":{"line":18,"column":13},"end":{"line":43,"column":9}},{"start":{"line":18,"column":13},"end":{"line":43,"column":9}}],"line":18},"6":{"loc":{"start":{"line":19,"column":12},"end":{"line":42,"column":13}},"type":"if","locations":[{"start":{"line":19,"column":12},"end":{"line":42,"column":13}},{"start":{"line":19,"column":12},"end":{"line":42,"column":13}}],"line":19},"7":{"loc":{"start":{"line":22,"column":17},"end":{"line":42,"column":13}},"type":"if","locations":[{"start":{"line":22,"column":17},"end":{"line":42,"column":13}},{"start":{"line":22,"column":17},"end":{"line":42,"column":13}}],"line":22},"8":{"loc":{"start":{"line":23,"column":57},"end":{"line":23,"column":78}},"type":"binary-expr","locations":[{"start":{"line":23,"column":57},"end":{"line":23,"column":70}},{"start":{"line":23,"column":74},"end":{"line":23,"column":78}}],"line":23},"9":{"loc":{"start":{"line":25,"column":17},"end":{"line":42,"column":13}},"type":"if","locations":[{"start":{"line":25,"column":17},"end":{"line":42,"column":13}},{"start":{"line":25,"column":17},"end":{"line":42,"column":13}}],"line":25},"10":{"loc":{"start":{"line":25,"column":21},"end":{"line":31,"column":47}},"type":"binary-expr","locations":[{"start":{"line":25,"column":21},"end":{"line":25,"column":60}},{"start":{"line":26,"column":19},"end":{"line":26,"column":49}},{"start":{"line":27,"column":19},"end":{"line":27,"column":46}},{"start":{"line":28,"column":19},"end":{"line":28,"column":49}},{"start":{"line":29,"column":19},"end":{"line":29,"column":44}},{"start":{"line":30,"column":19},"end":{"line":30,"column":47}},{"start":{"line":31,"column":19},"end":{"line":31,"column":47}}],"line":25},"11":{"loc":{"start":{"line":36,"column":16},"end":{"line":38,"column":17}},"type":"if","locations":[{"start":{"line":36,"column":16},"end":{"line":38,"column":17}},{"start":{"line":36,"column":16},"end":{"line":38,"column":17}}],"line":36},"12":{"loc":{"start":{"line":55,"column":26},"end":{"line":55,"column":70}},"type":"cond-expr","locations":[{"start":{"line":55,"column":47},"end":{"line":55,"column":65}},{"start":{"line":55,"column":68},"end":{"line":55,"column":70}}],"line":55},"13":{"loc":{"start":{"line":56,"column":24},"end":{"line":56,"column":111}},"type":"binary-expr","locations":[{"start":{"line":56,"column":24},"end":{"line":56,"column":67}},{"start":{"line":56,"column":71},"end":{"line":56,"column":111}}],"line":56},"14":{"loc":{"start":{"line":59,"column":29},"end":{"line":59,"column":60}},"type":"cond-expr","locations":[{"start":{"line":59,"column":49},"end":{"line":59,"column":53}},{"start":{"line":59,"column":56},"end":{"line":59,"column":60}}],"line":59},"15":{"loc":{"start":{"line":69,"column":28},"end":{"line":69,"column":133}},"type":"cond-expr","locations":[{"start":{"line":69,"column":63},"end":{"line":69,"column":95}},{"start":{"line":69,"column":98},"end":{"line":69,"column":133}}],"line":69},"16":{"loc":{"start":{"line":84,"column":4},"end":{"line":86,"column":5}},"type":"if","locations":[{"start":{"line":84,"column":4},"end":{"line":86,"column":5}},{"start":{"line":84,"column":4},"end":{"line":86,"column":5}}],"line":84},"17":{"loc":{"start":{"line":92,"column":4},"end":{"line":94,"column":5}},"type":"if","locations":[{"start":{"line":92,"column":4},"end":{"line":94,"column":5}},{"start":{"line":92,"column":4},"end":{"line":94,"column":5}}],"line":92}},"s":{"0":1,"1":1,"2":1,"3":1,"4":1,"5":1,"6":0,"7":0,"8":0,"9":0,"10":0,"11":0,"12":0,"13":0,"14":0,"15":0,"16":0,"17":0,"18":0,"19":0,"20":0,"21":0,"22":0,"23":0,"24":0,"25":0,"26":0,"27":1,"28":1,"29":1,"30":0,"31":0,"32":0,"33":0,"34":0,"35":0,"36":1,"37":1,"38":1,"39":1,"40":10,"41":10,"42":1,"43":1,"44":0,"45":0,"46":0,"47":0,"48":0,"49":1,"50":0,"51":0,"52":0,"53":0,"54":1},"f":{"0":0,"1":0,"2":10,"3":0,"4":0,"5":0,"6":0},"b":{"0":[0,0],"1":[0,0],"2":[0,0],"3":[0,0,0],"4":[0,0],"5":[0,0],"6":[0,0],"7":[0,0],"8":[0,0],"9":[0,0],"10":[0,0,0,0,0,0,0],"11":[0,0],"12":[0,0],"13":[0,0],"14":[0,0],"15":[8,2],"16":[0,0],"17":[0,0]},"_coverageSchema":"332fd63041d2c1bcb487cc26dd0d5f7d97098a6c","hash":"321d235492756787ddf3bea4baf5fa386306cc72","contentHash":"4a97170fc594824a9d3ea04c5cc2146a_11.0.3"},"/home/radic/node/@radic/console/src/core/Dispatcher.js":{"path":"/home/radic/node/@radic/console/src/core/Dispatcher.js","statementMap":{"0":{"start":{"line":2,"column":17},"end":{"line":7,"column":1}},"1":{"start":{"line":3,"column":12},"end":{"line":3,"column":28}},"2":{"start":{"line":3,"column":34},"end":{"line":3,"column":125}},"3":{"start":{"line":4,"column":4},"end":{"line":5,"column":150}},"4":{"start":{"line":4,"column":79},"end":{"line":4,"column":131}},"5":{"start":{"line":5,"column":9},"end":{"line":5,"column":150}},"6":{"start":{"line":5,"column":58},"end":{"line":5,"column":150}},"7":{"start":{"line":5,"column":81},"end":{"line":5,"column":150}},"8":{"start":{"line":6,"column":4},"end":{"line":6,"column":66}},"9":{"start":{"line":8,"column":17},"end":{"line":10,"column":1}},"10":{"start":{"line":9,"column":4},"end":{"line":9,"column":109}},"11":{"start":{"line":9,"column":79},"end":{"line":9,"column":109}},"12":{"start":{"line":11,"column":0},"end":{"line":11,"column":62}},"13":{"start":{"line":12,"column":22},"end":{"line":12,"column":46}},"14":{"start":{"line":13,"column":18},"end":{"line":13,"column":40}},"15":{"start":{"line":14,"column":13},"end":{"line":14,"column":35}},"16":{"start":{"line":15,"column":17},"end":{"line":15,"column":39}},"17":{"start":{"line":16,"column":15},"end":{"line":16,"column":34}},"18":{"start":{"line":17,"column":18},"end":{"line":107,"column":3}},"19":{"start":{"line":19,"column":8},"end":{"line":19,"column":82}},"20":{"start":{"line":21,"column":4},"end":{"line":40,"column":6}},"21":{"start":{"line":22,"column":19},"end":{"line":22,"column":21}},"22":{"start":{"line":23,"column":8},"end":{"line":25,"column":9}},"23":{"start":{"line":24,"column":12},"end":{"line":24,"column":37}},"24":{"start":{"line":27,"column":18},"end":{"line":27,"column":39}},"25":{"start":{"line":28,"column":8},"end":{"line":29,"column":28}},"26":{"start":{"line":29,"column":12},"end":{"line":29,"column":28}},"27":{"start":{"line":30,"column":8},"end":{"line":31,"column":30}},"28":{"start":{"line":31,"column":12},"end":{"line":31,"column":30}},"29":{"start":{"line":32,"column":8},"end":{"line":32,"column":63}},"30":{"start":{"line":33,"column":8},"end":{"line":33,"column":30}},"31":{"start":{"line":34,"column":8},"end":{"line":38,"column":9}},"32":{"start":{"line":35,"column":12},"end":{"line":37,"column":13}},"33":{"start":{"line":36,"column":16},"end":{"line":36,"column":38}},"34":{"start":{"line":39,"column":8},"end":{"line":39,"column":19}},"35":{"start":{"line":41,"column":4},"end":{"line":43,"column":6}},"36":{"start":{"line":42,"column":8},"end":{"line":42,"column":23}},"37":{"start":{"line":44,"column":4},"end":{"line":58,"column":6}},"38":{"start":{"line":45,"column":20},"end":{"line":45,"column":24}},"39":{"start":{"line":46,"column":19},"end":{"line":46,"column":21}},"40":{"start":{"line":47,"column":8},"end":{"line":49,"column":9}},"41":{"start":{"line":48,"column":12},"end":{"line":48,"column":41}},"42":{"start":{"line":50,"column":8},"end":{"line":57,"column":11}},"43":{"start":{"line":51,"column":12},"end":{"line":56,"column":15}},"44":{"start":{"line":52,"column":16},"end":{"line":54,"column":17}},"45":{"start":{"line":53,"column":20},"end":{"line":53,"column":41}},"46":{"start":{"line":55,"column":16},"end":{"line":55,"column":31}},"47":{"start":{"line":59,"column":4},"end":{"line":67,"column":6}},"48":{"start":{"line":60,"column":8},"end":{"line":66,"column":11}},"49":{"start":{"line":61,"column":23},"end":{"line":61,"column":25}},"50":{"start":{"line":62,"column":12},"end":{"line":64,"column":13}},"51":{"start":{"line":63,"column":16},"end":{"line":63,"column":41}},"52":{"start":{"line":65,"column":12},"end":{"line":65,"column":43}},"53":{"start":{"line":68,"column":4},"end":{"line":74,"column":6}},"54":{"start":{"line":69,"column":21},"end":{"line":69,"column":23}},"55":{"start":{"line":70,"column":8},"end":{"line":72,"column":9}},"56":{"start":{"line":71,"column":12},"end":{"line":71,"column":43}},"57":{"start":{"line":73,"column":8},"end":{"line":73,"column":67}},"58":{"start":{"line":76,"column":4},"end":{"line":82,"column":6}},"59":{"start":{"line":77,"column":21},"end":{"line":77,"column":23}},"60":{"start":{"line":78,"column":8},"end":{"line":80,"column":9}},"61":{"start":{"line":79,"column":12},"end":{"line":79,"column":43}},"62":{"start":{"line":81,"column":8},"end":{"line":81,"column":72}},"63":{"start":{"line":83,"column":4},"end":{"line":83,"column":132}},"64":{"start":{"line":83,"column":68},"end":{"line":83,"column":129}},"65":{"start":{"line":84,"column":4},"end":{"line":84,"column":114}},"66":{"start":{"line":84,"column":59},"end":{"line":84,"column":111}},"67":{"start":{"line":85,"column":4},"end":{"line":85,"column":140}},"68":{"start":{"line":85,"column":72},"end":{"line":85,"column":137}},"69":{"start":{"line":86,"column":4},"end":{"line":86,"column":118}},"70":{"start":{"line":86,"column":61},"end":{"line":86,"column":115}},"71":{"start":{"line":87,"column":4},"end":{"line":87,"column":148}},"72":{"start":{"line":87,"column":76},"end":{"line":87,"column":145}},"73":{"start":{"line":88,"column":4},"end":{"line":88,"column":148}},"74":{"start":{"line":88,"column":76},"end":{"line":88,"column":145}},"75":{"start":{"line":89,"column":4},"end":{"line":89,"column":162}},"76":{"start":{"line":89,"column":83},"end":{"line":89,"column":159}},"77":{"start":{"line":90,"column":4},"end":{"line":90,"column":106}},"78":{"start":{"line":90,"column":55},"end":{"line":90,"column":103}},"79":{"start":{"line":91,"column":4},"end":{"line":91,"column":116}},"80":{"start":{"line":91,"column":60},"end":{"line":91,"column":113}},"81":{"start":{"line":92,"column":4},"end":{"line":92,"column":108}},"82":{"start":{"line":92,"column":56},"end":{"line":92,"column":105}},"83":{"start":{"line":93,"column":4},"end":{"line":93,"column":138}},"84":{"start":{"line":93,"column":71},"end":{"line":93,"column":135}},"85":{"start":{"line":94,"column":4},"end":{"line":94,"column":116}},"86":{"start":{"line":94,"column":60},"end":{"line":94,"column":113}},"87":{"start":{"line":95,"column":4},"end":{"line":95,"column":126}},"88":{"start":{"line":95,"column":65},"end":{"line":95,"column":123}},"89":{"start":{"line":96,"column":4},"end":{"line":96,"column":112}},"90":{"start":{"line":96,"column":58},"end":{"line":96,"column":109}},"91":{"start":{"line":97,"column":4},"end":{"line":97,"column":100}},"92":{"start":{"line":97,"column":52},"end":{"line":97,"column":97}},"93":{"start":{"line":98,"column":4},"end":{"line":101,"column":44}},"94":{"start":{"line":102,"column":4},"end":{"line":105,"column":19}},"95":{"start":{"line":106,"column":4},"end":{"line":106,"column":22}},"96":{"start":{"line":108,"column":0},"end":{"line":108,"column":32}}},"fnMap":{"0":{"name":"(anonymous_0)","decl":{"start":{"line":2,"column":46},"end":{"line":2,"column":47}},"loc":{"start":{"line":2,"column":87},"end":{"line":7,"column":1}},"line":2},"1":{"name":"(anonymous_1)","decl":{"start":{"line":8,"column":46},"end":{"line":8,"column":47}},"loc":{"start":{"line":8,"column":62},"end":{"line":10,"column":1}},"line":8},"2":{"name":"(anonymous_2)","decl":{"start":{"line":17,"column":18},"end":{"line":17,"column":19}},"loc":{"start":{"line":17,"column":30},"end":{"line":107,"column":1}},"line":17},"3":{"name":"Dispatcher","decl":{"start":{"line":18,"column":13},"end":{"line":18,"column":23}},"loc":{"start":{"line":18,"column":26},"end":{"line":20,"column":5}},"line":18},"4":{"name":"(anonymous_4)","decl":{"start":{"line":21,"column":32},"end":{"line":21,"column":33}},"loc":{"start":{"line":21,"column":44},"end":{"line":40,"column":5}},"line":21},"5":{"name":"(anonymous_5)","decl":{"start":{"line":41,"column":32},"end":{"line":41,"column":33}},"loc":{"start":{"line":41,"column":54},"end":{"line":43,"column":5}},"line":41},"6":{"name":"(anonymous_6)","decl":{"start":{"line":44,"column":36},"end":{"line":44,"column":37}},"loc":{"start":{"line":44,"column":52},"end":{"line":58,"column":5}},"line":44},"7":{"name":"(anonymous_7)","decl":{"start":{"line":50,"column":27},"end":{"line":50,"column":28}},"loc":{"start":{"line":50,"column":54},"end":{"line":57,"column":9}},"line":50},"8":{"name":"(anonymous_8)","decl":{"start":{"line":51,"column":46},"end":{"line":51,"column":47}},"loc":{"start":{"line":51,"column":61},"end":{"line":56,"column":13}},"line":51},"9":{"name":"(anonymous_9)","decl":{"start":{"line":59,"column":39},"end":{"line":59,"column":40}},"loc":{"start":{"line":59,"column":51},"end":{"line":67,"column":5}},"line":59},"10":{"name":"(anonymous_10)","decl":{"start":{"line":60,"column":19},"end":{"line":60,"column":20}},"loc":{"start":{"line":60,"column":31},"end":{"line":66,"column":9}},"line":60},"11":{"name":"(anonymous_11)","decl":{"start":{"line":68,"column":32},"end":{"line":68,"column":33}},"loc":{"start":{"line":68,"column":49},"end":{"line":74,"column":5}},"line":68},"12":{"name":"(anonymous_12)","decl":{"start":{"line":76,"column":37},"end":{"line":76,"column":38}},"loc":{"start":{"line":76,"column":54},"end":{"line":82,"column":5}},"line":76},"13":{"name":"(anonymous_13)","decl":{"start":{"line":83,"column":39},"end":{"line":83,"column":40}},"loc":{"start":{"line":83,"column":66},"end":{"line":83,"column":131}},"line":83},"14":{"name":"(anonymous_14)","decl":{"start":{"line":84,"column":30},"end":{"line":84,"column":31}},"loc":{"start":{"line":84,"column":57},"end":{"line":84,"column":113}},"line":84},"15":{"name":"(anonymous_15)","decl":{"start":{"line":85,"column":43},"end":{"line":85,"column":44}},"loc":{"start":{"line":85,"column":70},"end":{"line":85,"column":139}},"line":85},"16":{"name":"(anonymous_16)","decl":{"start":{"line":86,"column":32},"end":{"line":86,"column":33}},"loc":{"start":{"line":86,"column":59},"end":{"line":86,"column":117}},"line":86},"17":{"name":"(anonymous_17)","decl":{"start":{"line":87,"column":47},"end":{"line":87,"column":48}},"loc":{"start":{"line":87,"column":74},"end":{"line":87,"column":147}},"line":87},"18":{"name":"(anonymous_18)","decl":{"start":{"line":88,"column":32},"end":{"line":88,"column":33}},"loc":{"start":{"line":88,"column":74},"end":{"line":88,"column":147}},"line":88},"19":{"name":"(anonymous_19)","decl":{"start":{"line":89,"column":39},"end":{"line":89,"column":40}},"loc":{"start":{"line":89,"column":81},"end":{"line":89,"column":161}},"line":89},"20":{"name":"(anonymous_20)","decl":{"start":{"line":90,"column":33},"end":{"line":90,"column":34}},"loc":{"start":{"line":90,"column":53},"end":{"line":90,"column":105}},"line":90},"21":{"name":"(anonymous_21)","decl":{"start":{"line":91,"column":38},"end":{"line":91,"column":39}},"loc":{"start":{"line":91,"column":58},"end":{"line":91,"column":115}},"line":91},"22":{"name":"(anonymous_22)","decl":{"start":{"line":92,"column":34},"end":{"line":92,"column":35}},"loc":{"start":{"line":92,"column":54},"end":{"line":92,"column":107}},"line":92},"23":{"name":"(anonymous_23)","decl":{"start":{"line":93,"column":42},"end":{"line":93,"column":43}},"loc":{"start":{"line":93,"column":69},"end":{"line":93,"column":137}},"line":93},"24":{"name":"(anonymous_24)","decl":{"start":{"line":94,"column":31},"end":{"line":94,"column":32}},"loc":{"start":{"line":94,"column":58},"end":{"line":94,"column":115}},"line":94},"25":{"name":"(anonymous_25)","decl":{"start":{"line":95,"column":46},"end":{"line":95,"column":47}},"loc":{"start":{"line":95,"column":63},"end":{"line":95,"column":125}},"line":95},"26":{"name":"(anonymous_26)","decl":{"start":{"line":96,"column":43},"end":{"line":96,"column":44}},"loc":{"start":{"line":96,"column":56},"end":{"line":96,"column":111}},"line":96},"27":{"name":"(anonymous_27)","decl":{"start":{"line":97,"column":38},"end":{"line":97,"column":39}},"loc":{"start":{"line":97,"column":50},"end":{"line":97,"column":99}},"line":97}},"branchMap":{"0":{"loc":{"start":{"line":2,"column":17},"end":{"line":7,"column":1}},"type":"binary-expr","locations":[{"start":{"line":2,"column":18},"end":{"line":2,"column":22}},{"start":{"line":2,"column":26},"end":{"line":2,"column":41}},{"start":{"line":2,"column":46},"end":{"line":7,"column":1}}],"line":2},"1":{"loc":{"start":{"line":3,"column":34},"end":{"line":3,"column":125}},"type":"cond-expr","locations":[{"start":{"line":3,"column":42},"end":{"line":3,"column":48}},{"start":{"line":3,"column":51},"end":{"line":3,"column":125}}],"line":3},"2":{"loc":{"start":{"line":3,"column":51},"end":{"line":3,"column":125}},"type":"cond-expr","locations":[{"start":{"line":3,"column":67},"end":{"line":3,"column":118}},{"start":{"line":3,"column":121},"end":{"line":3,"column":125}}],"line":3},"3":{"loc":{"start":{"line":4,"column":4},"end":{"line":5,"column":150}},"type":"if","locations":[{"start":{"line":4,"column":4},"end":{"line":5,"column":150}},{"start":{"line":4,"column":4},"end":{"line":5,"column":150}}],"line":4},"4":{"loc":{"start":{"line":4,"column":8},"end":{"line":4,"column":77}},"type":"binary-expr","locations":[{"start":{"line":4,"column":8},"end":{"line":4,"column":35}},{"start":{"line":4,"column":39},"end":{"line":4,"column":77}}],"line":4},"5":{"loc":{"start":{"line":5,"column":58},"end":{"line":5,"column":150}},"type":"if","locations":[{"start":{"line":5,"column":58},"end":{"line":5,"column":150}},{"start":{"line":5,"column":58},"end":{"line":5,"column":150}}],"line":5},"6":{"loc":{"start":{"line":5,"column":85},"end":{"line":5,"column":149}},"type":"binary-expr","locations":[{"start":{"line":5,"column":86},"end":{"line":5,"column":143}},{"start":{"line":5,"column":148},"end":{"line":5,"column":149}}],"line":5},"7":{"loc":{"start":{"line":5,"column":86},"end":{"line":5,"column":143}},"type":"cond-expr","locations":[{"start":{"line":5,"column":94},"end":{"line":5,"column":98}},{"start":{"line":5,"column":101},"end":{"line":5,"column":143}}],"line":5},"8":{"loc":{"start":{"line":5,"column":101},"end":{"line":5,"column":143}},"type":"cond-expr","locations":[{"start":{"line":5,"column":109},"end":{"line":5,"column":126}},{"start":{"line":5,"column":129},"end":{"line":5,"column":143}}],"line":5},"9":{"loc":{"start":{"line":6,"column":11},"end":{"line":6,"column":62}},"type":"binary-expr","locations":[{"start":{"line":6,"column":11},"end":{"line":6,"column":16}},{"start":{"line":6,"column":20},"end":{"line":6,"column":21}},{"start":{"line":6,"column":25},"end":{"line":6,"column":62}}],"line":6},"10":{"loc":{"start":{"line":8,"column":17},"end":{"line":10,"column":1}},"type":"binary-expr","locations":[{"start":{"line":8,"column":18},"end":{"line":8,"column":22}},{"start":{"line":8,"column":26},"end":{"line":8,"column":41}},{"start":{"line":8,"column":46},"end":{"line":10,"column":1}}],"line":8},"11":{"loc":{"start":{"line":9,"column":4},"end":{"line":9,"column":109}},"type":"if","locations":[{"start":{"line":9,"column":4},"end":{"line":9,"column":109}},{"start":{"line":9,"column":4},"end":{"line":9,"column":109}}],"line":9},"12":{"loc":{"start":{"line":9,"column":8},"end":{"line":9,"column":77}},"type":"binary-expr","locations":[{"start":{"line":9,"column":8},"end":{"line":9,"column":35}},{"start":{"line":9,"column":39},"end":{"line":9,"column":77}}],"line":9},"13":{"loc":{"start":{"line":28,"column":8},"end":{"line":29,"column":28}},"type":"if","locations":[{"start":{"line":28,"column":8},"end":{"line":29,"column":28}},{"start":{"line":28,"column":8},"end":{"line":29,"column":28}}],"line":28},"14":{"loc":{"start":{"line":30,"column":8},"end":{"line":31,"column":30}},"type":"if","locations":[{"start":{"line":30,"column":8},"end":{"line":31,"column":30}},{"start":{"line":30,"column":8},"end":{"line":31,"column":30}}],"line":30},"15":{"loc":{"start":{"line":34,"column":8},"end":{"line":38,"column":9}},"type":"if","locations":[{"start":{"line":34,"column":8},"end":{"line":38,"column":9}},{"start":{"line":34,"column":8},"end":{"line":38,"column":9}}],"line":34},"16":{"loc":{"start":{"line":35,"column":12},"end":{"line":37,"column":13}},"type":"if","locations":[{"start":{"line":35,"column":12},"end":{"line":37,"column":13}},{"start":{"line":35,"column":12},"end":{"line":37,"column":13}}],"line":35},"17":{"loc":{"start":{"line":52,"column":16},"end":{"line":54,"column":17}},"type":"if","locations":[{"start":{"line":52,"column":16},"end":{"line":54,"column":17}},{"start":{"line":52,"column":16},"end":{"line":54,"column":17}}],"line":52},"18":{"loc":{"start":{"line":52,"column":20},"end":{"line":52,"column":66}},"type":"binary-expr","locations":[{"start":{"line":52,"column":20},"end":{"line":52,"column":49}},{"start":{"line":52,"column":53},"end":{"line":52,"column":66}}],"line":52}},"s":{"0":1,"1":2,"2":2,"3":2,"4":2,"5":0,"6":0,"7":0,"8":2,"9":1,"10":2,"11":2,"12":1,"13":1,"14":1,"15":1,"16":1,"17":1,"18":1,"19":1,"20":1,"21":0,"22":0,"23":0,"24":0,"25":0,"26":0,"27":0,"28":0,"29":0,"30":0,"31":0,"32":0,"33":0,"34":0,"35":1,"36":0,"37":1,"38":0,"39":0,"40":0,"41":0,"42":0,"43":0,"44":0,"45":0,"46":0,"47":1,"48":0,"49":0,"50":0,"51":0,"52":0,"53":1,"54":0,"55":0,"56":0,"57":0,"58":1,"59":0,"60":0,"61":0,"62":0,"63":1,"64":0,"65":1,"66":0,"67":1,"68":0,"69":1,"70":0,"71":1,"72":0,"73":1,"74":0,"75":1,"76":0,"77":1,"78":0,"79":1,"80":0,"81":1,"82":0,"83":1,"84":0,"85":1,"86":0,"87":1,"88":0,"89":1,"90":0,"91":1,"92":0,"93":1,"94":1,"95":1,"96":1},"f":{"0":2,"1":2,"2":1,"3":1,"4":0,"5":0,"6":0,"7":0,"8":0,"9":0,"10":0,"11":0,"12":0,"13":0,"14":0,"15":0,"16":0,"17":0,"18":0,"19":0,"20":0,"21":0,"22":0,"23":0,"24":0,"25":0,"26":0,"27":0},"b":{"0":[1,1,1],"1":[1,1],"2":[0,1],"3":[2,0],"4":[2,2],"5":[0,0],"6":[0,0],"7":[0,0],"8":[0,0],"9":[2,1,0],"10":[1,1,1],"11":[2,0],"12":[2,2],"13":[0,0],"14":[0,0],"15":[0,0],"16":[0,0],"17":[0,0],"18":[0,0]},"_coverageSchema":"332fd63041d2c1bcb487cc26dd0d5f7d97098a6c","hash":"828cd4099dd4b4a83aac4c0834dfd005532ed25b","contentHash":"ee1da1432f42eaae6e74a278dbe7d71f_11.0.3"},"/home/radic/node/@radic/console/src/core/events.js":{"path":"/home/radic/node/@radic/console/src/core/events.js","statementMap":{"0":{"start":{"line":2,"column":16},"end":{"line":11,"column":4}},"1":{"start":{"line":3,"column":24},"end":{"line":5,"column":82}},"2":{"start":{"line":4,"column":65},"end":{"line":4,"column":81}},"3":{"start":{"line":5,"column":26},"end":{"line":5,"column":80}},"4":{"start":{"line":5,"column":43},"end":{"line":5,"column":80}},"5":{"start":{"line":5,"column":68},"end":{"line":5,"column":80}},"6":{"start":{"line":6,"column":4},"end":{"line":10,"column":6}},"7":{"start":{"line":7,"column":8},"end":{"line":7,"column":28}},"8":{"start":{"line":8,"column":24},"end":{"line":8,"column":45}},"9":{"start":{"line":9,"column":8},"end":{"line":9,"column":93}},"10":{"start":{"line":12,"column":0},"end":{"line":12,"column":62}},"11":{"start":{"line":13,"column":18},"end":{"line":13,"column":40}},"12":{"start":{"line":14,"column":13},"end":{"line":27,"column":3}},"13":{"start":{"line":16,"column":8},"end":{"line":16,"column":52}},"14":{"start":{"line":16,"column":32},"end":{"line":16,"column":50}},"15":{"start":{"line":17,"column":8},"end":{"line":17,"column":27}},"16":{"start":{"line":19,"column":4},"end":{"line":25,"column":7}},"17":{"start":{"line":21,"column":12},"end":{"line":21,"column":52}},"18":{"start":{"line":26,"column":4},"end":{"line":26,"column":17}},"19":{"start":{"line":28,"column":0},"end":{"line":28,"column":22}},"20":{"start":{"line":29,"column":17},"end":{"line":38,"column":8}},"21":{"start":{"line":30,"column":4},"end":{"line":30,"column":33}},"22":{"start":{"line":32,"column":20},"end":{"line":32,"column":76}},"23":{"start":{"line":33,"column":8},"end":{"line":33,"column":27}},"24":{"start":{"line":34,"column":8},"end":{"line":34,"column":21}},"25":{"start":{"line":36,"column":4},"end":{"line":36,"column":65}},"26":{"start":{"line":36,"column":45},"end":{"line":36,"column":62}},"27":{"start":{"line":37,"column":4},"end":{"line":37,"column":21}},"28":{"start":{"line":39,"column":0},"end":{"line":39,"column":30}},"29":{"start":{"line":40,"column":21},"end":{"line":48,"column":12}},"30":{"start":{"line":41,"column":4},"end":{"line":41,"column":37}},"31":{"start":{"line":43,"column":20},"end":{"line":43,"column":58}},"32":{"start":{"line":44,"column":8},"end":{"line":44,"column":42}},"33":{"start":{"line":45,"column":8},"end":{"line":45,"column":21}},"34":{"start":{"line":47,"column":4},"end":{"line":47,"column":25}},"35":{"start":{"line":49,"column":0},"end":{"line":49,"column":38}},"36":{"start":{"line":50,"column":21},"end":{"line":59,"column":12}},"37":{"start":{"line":51,"column":4},"end":{"line":51,"column":37}},"38":{"start":{"line":53,"column":20},"end":{"line":53,"column":58}},"39":{"start":{"line":54,"column":8},"end":{"line":54,"column":30}},"40":{"start":{"line":55,"column":8},"end":{"line":55,"column":32}},"41":{"start":{"line":56,"column":8},"end":{"line":56,"column":21}},"42":{"start":{"line":58,"column":4},"end":{"line":58,"column":25}},"43":{"start":{"line":60,"column":0},"end":{"line":60,"column":38}},"44":{"start":{"line":61,"column":22},"end":{"line":71,"column":12}},"45":{"start":{"line":62,"column":4},"end":{"line":62,"column":38}},"46":{"start":{"line":64,"column":20},"end":{"line":64,"column":59}},"47":{"start":{"line":65,"column":8},"end":{"line":65,"column":30}},"48":{"start":{"line":66,"column":8},"end":{"line":66,"column":26}},"49":{"start":{"line":67,"column":8},"end":{"line":67,"column":32}},"50":{"start":{"line":68,"column":8},"end":{"line":68,"column":21}},"51":{"start":{"line":70,"column":4},"end":{"line":70,"column":26}},"52":{"start":{"line":72,"column":0},"end":{"line":72,"column":40}},"53":{"start":{"line":73,"column":21},"end":{"line":83,"column":12}},"54":{"start":{"line":74,"column":4},"end":{"line":74,"column":37}},"55":{"start":{"line":76,"column":20},"end":{"line":76,"column":58}},"56":{"start":{"line":77,"column":8},"end":{"line":77,"column":26}},"57":{"start":{"line":78,"column":8},"end":{"line":78,"column":26}},"58":{"start":{"line":79,"column":8},"end":{"line":79,"column":26}},"59":{"start":{"line":80,"column":8},"end":{"line":80,"column":21}},"60":{"start":{"line":82,"column":4},"end":{"line":82,"column":25}},"61":{"start":{"line":84,"column":0},"end":{"line":84,"column":38}},"62":{"start":{"line":85,"column":35},"end":{"line":94,"column":12}},"63":{"start":{"line":86,"column":4},"end":{"line":86,"column":51}},"64":{"start":{"line":88,"column":20},"end":{"line":88,"column":66}},"65":{"start":{"line":89,"column":8},"end":{"line":89,"column":30}},"66":{"start":{"line":90,"column":8},"end":{"line":90,"column":32}},"67":{"start":{"line":91,"column":8},"end":{"line":91,"column":21}},"68":{"start":{"line":93,"column":4},"end":{"line":93,"column":39}},"69":{"start":{"line":95,"column":0},"end":{"line":95,"column":66}},"70":{"start":{"line":96,"column":36},"end":{"line":106,"column":12}},"71":{"start":{"line":97,"column":4},"end":{"line":97,"column":52}},"72":{"start":{"line":99,"column":20},"end":{"line":99,"column":67}},"73":{"start":{"line":100,"column":8},"end":{"line":100,"column":26}},"74":{"start":{"line":101,"column":8},"end":{"line":101,"column":30}},"75":{"start":{"line":102,"column":8},"end":{"line":102,"column":32}},"76":{"start":{"line":103,"column":8},"end":{"line":103,"column":21}},"77":{"start":{"line":105,"column":4},"end":{"line":105,"column":40}},"78":{"start":{"line":107,"column":0},"end":{"line":107,"column":68}},"79":{"start":{"line":108,"column":46},"end":{"line":119,"column":12}},"80":{"start":{"line":109,"column":4},"end":{"line":109,"column":62}},"81":{"start":{"line":111,"column":20},"end":{"line":111,"column":68}},"82":{"start":{"line":112,"column":8},"end":{"line":112,"column":34}},"83":{"start":{"line":113,"column":8},"end":{"line":113,"column":30}},"84":{"start":{"line":114,"column":8},"end":{"line":114,"column":30}},"85":{"start":{"line":115,"column":8},"end":{"line":115,"column":32}},"86":{"start":{"line":116,"column":8},"end":{"line":116,"column":21}},"87":{"start":{"line":118,"column":4},"end":{"line":118,"column":50}},"88":{"start":{"line":120,"column":0},"end":{"line":120,"column":88}},"89":{"start":{"line":121,"column":36},"end":{"line":133,"column":12}},"90":{"start":{"line":122,"column":4},"end":{"line":122,"column":52}},"91":{"start":{"line":124,"column":20},"end":{"line":124,"column":67}},"92":{"start":{"line":125,"column":8},"end":{"line":125,"column":34}},"93":{"start":{"line":126,"column":8},"end":{"line":126,"column":30}},"94":{"start":{"line":127,"column":8},"end":{"line":127,"column":26}},"95":{"start":{"line":128,"column":8},"end":{"line":128,"column":30}},"96":{"start":{"line":129,"column":8},"end":{"line":129,"column":32}},"97":{"start":{"line":130,"column":8},"end":{"line":130,"column":21}},"98":{"start":{"line":132,"column":4},"end":{"line":132,"column":40}},"99":{"start":{"line":134,"column":0},"end":{"line":134,"column":68}},"100":{"start":{"line":135,"column":37},"end":{"line":147,"column":12}},"101":{"start":{"line":136,"column":4},"end":{"line":136,"column":53}},"102":{"start":{"line":138,"column":20},"end":{"line":138,"column":68}},"103":{"start":{"line":139,"column":8},"end":{"line":139,"column":30}},"104":{"start":{"line":140,"column":8},"end":{"line":140,"column":34}},"105":{"start":{"line":141,"column":8},"end":{"line":141,"column":26}},"106":{"start":{"line":142,"column":8},"end":{"line":142,"column":30}},"107":{"start":{"line":143,"column":8},"end":{"line":143,"column":32}},"108":{"start":{"line":144,"column":8},"end":{"line":144,"column":21}},"109":{"start":{"line":146,"column":4},"end":{"line":146,"column":41}},"110":{"start":{"line":148,"column":0},"end":{"line":148,"column":70}},"111":{"start":{"line":149,"column":28},"end":{"line":159,"column":12}},"112":{"start":{"line":150,"column":4},"end":{"line":150,"column":44}},"113":{"start":{"line":152,"column":20},"end":{"line":152,"column":65}},"114":{"start":{"line":153,"column":8},"end":{"line":153,"column":32}},"115":{"start":{"line":154,"column":8},"end":{"line":154,"column":46}},"116":{"start":{"line":155,"column":8},"end":{"line":155,"column":44}},"117":{"start":{"line":156,"column":8},"end":{"line":156,"column":21}},"118":{"start":{"line":158,"column":4},"end":{"line":158,"column":32}},"119":{"start":{"line":160,"column":0},"end":{"line":160,"column":52}},"120":{"start":{"line":161,"column":27},"end":{"line":171,"column":12}},"121":{"start":{"line":162,"column":4},"end":{"line":162,"column":43}},"122":{"start":{"line":164,"column":20},"end":{"line":164,"column":64}},"123":{"start":{"line":165,"column":8},"end":{"line":165,"column":32}},"124":{"start":{"line":166,"column":8},"end":{"line":166,"column":26}},"125":{"start":{"line":167,"column":8},"end":{"line":167,"column":42}},"126":{"start":{"line":168,"column":8},"end":{"line":168,"column":21}},"127":{"start":{"line":170,"column":4},"end":{"line":170,"column":31}},"128":{"start":{"line":172,"column":0},"end":{"line":172,"column":50}},"129":{"start":{"line":173,"column":26},"end":{"line":182,"column":8}},"130":{"start":{"line":174,"column":4},"end":{"line":174,"column":42}},"131":{"start":{"line":176,"column":20},"end":{"line":176,"column":63}},"132":{"start":{"line":177,"column":8},"end":{"line":177,"column":32}},"133":{"start":{"line":178,"column":8},"end":{"line":178,"column":26}},"134":{"start":{"line":179,"column":8},"end":{"line":179,"column":21}},"135":{"start":{"line":181,"column":4},"end":{"line":181,"column":30}},"136":{"start":{"line":183,"column":0},"end":{"line":183,"column":48}},"137":{"start":{"line":184,"column":27},"end":{"line":193,"column":8}},"138":{"start":{"line":185,"column":4},"end":{"line":185,"column":43}},"139":{"start":{"line":187,"column":20},"end":{"line":187,"column":64}},"140":{"start":{"line":188,"column":8},"end":{"line":188,"column":32}},"141":{"start":{"line":189,"column":8},"end":{"line":189,"column":46}},"142":{"start":{"line":190,"column":8},"end":{"line":190,"column":21}},"143":{"start":{"line":192,"column":4},"end":{"line":192,"column":31}},"144":{"start":{"line":194,"column":0},"end":{"line":194,"column":50}}},"fnMap":{"0":{"name":"(anonymous_0)","decl":{"start":{"line":2,"column":45},"end":{"line":2,"column":46}},"loc":{"start":{"line":2,"column":57},"end":{"line":11,"column":1}},"line":2},"1":{"name":"(anonymous_1)","decl":{"start":{"line":4,"column":47},"end":{"line":4,"column":48}},"loc":{"start":{"line":4,"column":63},"end":{"line":4,"column":83}},"line":4},"2":{"name":"(anonymous_2)","decl":{"start":{"line":5,"column":8},"end":{"line":5,"column":9}},"loc":{"start":{"line":5,"column":24},"end":{"line":5,"column":82}},"line":5},"3":{"name":"(anonymous_3)","decl":{"start":{"line":6,"column":11},"end":{"line":6,"column":12}},"loc":{"start":{"line":6,"column":27},"end":{"line":10,"column":5}},"line":6},"4":{"name":"__","decl":{"start":{"line":8,"column":17},"end":{"line":8,"column":19}},"loc":{"start":{"line":8,"column":22},"end":{"line":8,"column":47}},"line":8},"5":{"name":"(anonymous_5)","decl":{"start":{"line":14,"column":13},"end":{"line":14,"column":14}},"loc":{"start":{"line":14,"column":25},"end":{"line":27,"column":1}},"line":14},"6":{"name":"Event","decl":{"start":{"line":15,"column":13},"end":{"line":15,"column":18}},"loc":{"start":{"line":15,"column":26},"end":{"line":18,"column":5}},"line":15},"7":{"name":"(anonymous_7)","decl":{"start":{"line":20,"column":13},"end":{"line":20,"column":14}},"loc":{"start":{"line":20,"column":25},"end":{"line":22,"column":9}},"line":20},"8":{"name":"(anonymous_8)","decl":{"start":{"line":29,"column":17},"end":{"line":29,"column":18}},"loc":{"start":{"line":29,"column":35},"end":{"line":38,"column":1}},"line":29},"9":{"name":"HaltEvent","decl":{"start":{"line":31,"column":13},"end":{"line":31,"column":22}},"loc":{"start":{"line":31,"column":25},"end":{"line":35,"column":5}},"line":31},"10":{"name":"(anonymous_10)","decl":{"start":{"line":36,"column":31},"end":{"line":36,"column":32}},"loc":{"start":{"line":36,"column":43},"end":{"line":36,"column":64}},"line":36},"11":{"name":"(anonymous_11)","decl":{"start":{"line":40,"column":21},"end":{"line":40,"column":22}},"loc":{"start":{"line":40,"column":39},"end":{"line":48,"column":1}},"line":40},"12":{"name":"CliStartEvent","decl":{"start":{"line":42,"column":13},"end":{"line":42,"column":26}},"loc":{"start":{"line":42,"column":41},"end":{"line":46,"column":5}},"line":42},"13":{"name":"(anonymous_13)","decl":{"start":{"line":50,"column":21},"end":{"line":50,"column":22}},"loc":{"start":{"line":50,"column":39},"end":{"line":59,"column":1}},"line":50},"14":{"name":"CliParseEvent","decl":{"start":{"line":52,"column":13},"end":{"line":52,"column":26}},"loc":{"start":{"line":52,"column":44},"end":{"line":57,"column":5}},"line":52},"15":{"name":"(anonymous_15)","decl":{"start":{"line":61,"column":22},"end":{"line":61,"column":23}},"loc":{"start":{"line":61,"column":40},"end":{"line":71,"column":1}},"line":61},"16":{"name":"CliParsedEvent","decl":{"start":{"line":63,"column":13},"end":{"line":63,"column":27}},"loc":{"start":{"line":63,"column":51},"end":{"line":69,"column":5}},"line":63},"17":{"name":"(anonymous_17)","decl":{"start":{"line":73,"column":21},"end":{"line":73,"column":22}},"loc":{"start":{"line":73,"column":39},"end":{"line":83,"column":1}},"line":73},"18":{"name":"CliSpawnEvent","decl":{"start":{"line":75,"column":13},"end":{"line":75,"column":26}},"loc":{"start":{"line":75,"column":45},"end":{"line":81,"column":5}},"line":75},"19":{"name":"(anonymous_19)","decl":{"start":{"line":85,"column":35},"end":{"line":85,"column":36}},"loc":{"start":{"line":85,"column":53},"end":{"line":94,"column":1}},"line":85},"20":{"name":"CliExecuteCommandParseEvent","decl":{"start":{"line":87,"column":13},"end":{"line":87,"column":40}},"loc":{"start":{"line":87,"column":58},"end":{"line":92,"column":5}},"line":87},"21":{"name":"(anonymous_21)","decl":{"start":{"line":96,"column":36},"end":{"line":96,"column":37}},"loc":{"start":{"line":96,"column":54},"end":{"line":106,"column":1}},"line":96},"22":{"name":"CliExecuteCommandParsedEvent","decl":{"start":{"line":98,"column":13},"end":{"line":98,"column":41}},"loc":{"start":{"line":98,"column":65},"end":{"line":104,"column":5}},"line":98},"23":{"name":"(anonymous_23)","decl":{"start":{"line":108,"column":46},"end":{"line":108,"column":47}},"loc":{"start":{"line":108,"column":64},"end":{"line":119,"column":1}},"line":108},"24":{"name":"CliExecuteCommandInvalidArgumentsEvent","decl":{"start":{"line":110,"column":13},"end":{"line":110,"column":51}},"loc":{"start":{"line":110,"column":87},"end":{"line":117,"column":5}},"line":110},"25":{"name":"(anonymous_25)","decl":{"start":{"line":121,"column":36},"end":{"line":121,"column":37}},"loc":{"start":{"line":121,"column":54},"end":{"line":133,"column":1}},"line":121},"26":{"name":"CliExecuteCommandHandleEvent","decl":{"start":{"line":123,"column":13},"end":{"line":123,"column":41}},"loc":{"start":{"line":123,"column":83},"end":{"line":131,"column":5}},"line":123},"27":{"name":"(anonymous_27)","decl":{"start":{"line":135,"column":37},"end":{"line":135,"column":38}},"loc":{"start":{"line":135,"column":55},"end":{"line":147,"column":1}},"line":135},"28":{"name":"CliExecuteCommandHandledEvent","decl":{"start":{"line":137,"column":13},"end":{"line":137,"column":42}},"loc":{"start":{"line":137,"column":84},"end":{"line":145,"column":5}},"line":137},"29":{"name":"(anonymous_29)","decl":{"start":{"line":149,"column":28},"end":{"line":149,"column":29}},"loc":{"start":{"line":149,"column":46},"end":{"line":159,"column":1}},"line":149},"30":{"name":"HelpersStartingEvent","decl":{"start":{"line":151,"column":13},"end":{"line":151,"column":33}},"loc":{"start":{"line":151,"column":74},"end":{"line":157,"column":5}},"line":151},"31":{"name":"(anonymous_31)","decl":{"start":{"line":161,"column":27},"end":{"line":161,"column":28}},"loc":{"start":{"line":161,"column":45},"end":{"line":171,"column":1}},"line":161},"32":{"name":"HelperStartingEvent","decl":{"start":{"line":163,"column":13},"end":{"line":163,"column":32}},"loc":{"start":{"line":163,"column":62},"end":{"line":169,"column":5}},"line":163},"33":{"name":"(anonymous_33)","decl":{"start":{"line":173,"column":26},"end":{"line":173,"column":27}},"loc":{"start":{"line":173,"column":44},"end":{"line":182,"column":1}},"line":173},"34":{"name":"HelperStartedEvent","decl":{"start":{"line":175,"column":13},"end":{"line":175,"column":31}},"loc":{"start":{"line":175,"column":47},"end":{"line":180,"column":5}},"line":175},"35":{"name":"(anonymous_35)","decl":{"start":{"line":184,"column":27},"end":{"line":184,"column":28}},"loc":{"start":{"line":184,"column":45},"end":{"line":193,"column":1}},"line":184},"36":{"name":"HelpersStartedEvent","decl":{"start":{"line":186,"column":13},"end":{"line":186,"column":32}},"loc":{"start":{"line":186,"column":58},"end":{"line":191,"column":5}},"line":186}},"branchMap":{"0":{"loc":{"start":{"line":2,"column":16},"end":{"line":11,"column":4}},"type":"binary-expr","locations":[{"start":{"line":2,"column":17},"end":{"line":2,"column":21}},{"start":{"line":2,"column":25},"end":{"line":2,"column":39}},{"start":{"line":2,"column":44},"end":{"line":11,"column":4}}],"line":2},"1":{"loc":{"start":{"line":3,"column":24},"end":{"line":5,"column":82}},"type":"binary-expr","locations":[{"start":{"line":3,"column":24},"end":{"line":3,"column":45}},{"start":{"line":4,"column":9},"end":{"line":4,"column":43}},{"start":{"line":4,"column":47},"end":{"line":4,"column":83}},{"start":{"line":5,"column":8},"end":{"line":5,"column":82}}],"line":3},"2":{"loc":{"start":{"line":5,"column":43},"end":{"line":5,"column":80}},"type":"if","locations":[{"start":{"line":5,"column":43},"end":{"line":5,"column":80}},{"start":{"line":5,"column":43},"end":{"line":5,"column":80}}],"line":5},"3":{"loc":{"start":{"line":9,"column":22},"end":{"line":9,"column":92}},"type":"cond-expr","locations":[{"start":{"line":9,"column":35},"end":{"line":9,"column":51}},{"start":{"line":9,"column":55},"end":{"line":9,"column":91}}],"line":9},"4":{"loc":{"start":{"line":16,"column":8},"end":{"line":16,"column":52}},"type":"if","locations":[{"start":{"line":16,"column":8},"end":{"line":16,"column":52}},{"start":{"line":16,"column":8},"end":{"line":16,"column":52}}],"line":16},"5":{"loc":{"start":{"line":32,"column":20},"end":{"line":32,"column":76}},"type":"binary-expr","locations":[{"start":{"line":32,"column":20},"end":{"line":32,"column":35}},{"start":{"line":32,"column":39},"end":{"line":32,"column":68}},{"start":{"line":32,"column":72},"end":{"line":32,"column":76}}],"line":32},"6":{"loc":{"start":{"line":43,"column":20},"end":{"line":43,"column":58}},"type":"binary-expr","locations":[{"start":{"line":43,"column":20},"end":{"line":43,"column":50}},{"start":{"line":43,"column":54},"end":{"line":43,"column":58}}],"line":43},"7":{"loc":{"start":{"line":53,"column":20},"end":{"line":53,"column":58}},"type":"binary-expr","locations":[{"start":{"line":53,"column":20},"end":{"line":53,"column":50}},{"start":{"line":53,"column":54},"end":{"line":53,"column":58}}],"line":53},"8":{"loc":{"start":{"line":64,"column":20},"end":{"line":64,"column":59}},"type":"binary-expr","locations":[{"start":{"line":64,"column":20},"end":{"line":64,"column":51}},{"start":{"line":64,"column":55},"end":{"line":64,"column":59}}],"line":64},"9":{"loc":{"start":{"line":76,"column":20},"end":{"line":76,"column":58}},"type":"binary-expr","locations":[{"start":{"line":76,"column":20},"end":{"line":76,"column":50}},{"start":{"line":76,"column":54},"end":{"line":76,"column":58}}],"line":76},"10":{"loc":{"start":{"line":88,"column":20},"end":{"line":88,"column":66}},"type":"binary-expr","locations":[{"start":{"line":88,"column":20},"end":{"line":88,"column":58}},{"start":{"line":88,"column":62},"end":{"line":88,"column":66}}],"line":88},"11":{"loc":{"start":{"line":99,"column":20},"end":{"line":99,"column":67}},"type":"binary-expr","locations":[{"start":{"line":99,"column":20},"end":{"line":99,"column":59}},{"start":{"line":99,"column":63},"end":{"line":99,"column":67}}],"line":99},"12":{"loc":{"start":{"line":111,"column":20},"end":{"line":111,"column":68}},"type":"binary-expr","locations":[{"start":{"line":111,"column":20},"end":{"line":111,"column":60}},{"start":{"line":111,"column":64},"end":{"line":111,"column":68}}],"line":111},"13":{"loc":{"start":{"line":124,"column":20},"end":{"line":124,"column":67}},"type":"binary-expr","locations":[{"start":{"line":124,"column":20},"end":{"line":124,"column":59}},{"start":{"line":124,"column":63},"end":{"line":124,"column":67}}],"line":124},"14":{"loc":{"start":{"line":138,"column":20},"end":{"line":138,"column":68}},"type":"binary-expr","locations":[{"start":{"line":138,"column":20},"end":{"line":138,"column":60}},{"start":{"line":138,"column":64},"end":{"line":138,"column":68}}],"line":138},"15":{"loc":{"start":{"line":152,"column":20},"end":{"line":152,"column":65}},"type":"binary-expr","locations":[{"start":{"line":152,"column":20},"end":{"line":152,"column":57}},{"start":{"line":152,"column":61},"end":{"line":152,"column":65}}],"line":152},"16":{"loc":{"start":{"line":164,"column":20},"end":{"line":164,"column":64}},"type":"binary-expr","locations":[{"start":{"line":164,"column":20},"end":{"line":164,"column":56}},{"start":{"line":164,"column":60},"end":{"line":164,"column":64}}],"line":164},"17":{"loc":{"start":{"line":176,"column":20},"end":{"line":176,"column":63}},"type":"binary-expr","locations":[{"start":{"line":176,"column":20},"end":{"line":176,"column":55}},{"start":{"line":176,"column":59},"end":{"line":176,"column":63}}],"line":176},"18":{"loc":{"start":{"line":187,"column":20},"end":{"line":187,"column":64}},"type":"binary-expr","locations":[{"start":{"line":187,"column":20},"end":{"line":187,"column":56}},{"start":{"line":187,"column":60},"end":{"line":187,"column":64}}],"line":187}},"s":{"0":1,"1":1,"2":0,"3":0,"4":0,"5":0,"6":1,"7":14,"8":14,"9":14,"10":1,"11":1,"12":1,"13":0,"14":0,"15":0,"16":1,"17":0,"18":1,"19":1,"20":1,"21":1,"22":0,"23":0,"24":0,"25":1,"26":0,"27":1,"28":1,"29":1,"30":1,"31":0,"32":0,"33":0,"34":1,"35":1,"36":1,"37":1,"38":0,"39":0,"40":0,"41":0,"42":1,"43":1,"44":1,"45":1,"46":0,"47":0,"48":0,"49":0,"50":0,"51":1,"52":1,"53":1,"54":1,"55":0,"56":0,"57":0,"58":0,"59":0,"60":1,"61":1,"62":1,"63":1,"64":0,"65":0,"66":0,"67":0,"68":1,"69":1,"70":1,"71":1,"72":0,"73":0,"74":0,"75":0,"76":0,"77":1,"78":1,"79":1,"80":1,"81":0,"82":0,"83":0,"84":0,"85":0,"86":0,"87":1,"88":1,"89":1,"90":1,"91":0,"92":0,"93":0,"94":0,"95":0,"96":0,"97":0,"98":1,"99":1,"100":1,"101":1,"102":0,"103":0,"104":0,"105":0,"106":0,"107":0,"108":0,"109":1,"110":1,"111":1,"112":1,"113":0,"114":0,"115":0,"116":0,"117":0,"118":1,"119":1,"120":1,"121":1,"122":0,"123":0,"124":0,"125":0,"126":0,"127":1,"128":1,"129":1,"130":1,"131":0,"132":0,"133":0,"134":0,"135":1,"136":1,"137":1,"138":1,"139":0,"140":0,"141":0,"142":0,"143":1,"144":1},"f":{"0":1,"1":0,"2":0,"3":14,"4":14,"5":1,"6":0,"7":0,"8":1,"9":0,"10":0,"11":1,"12":0,"13":1,"14":0,"15":1,"16":0,"17":1,"18":0,"19":1,"20":0,"21":1,"22":0,"23":1,"24":0,"25":1,"26":0,"27":1,"28":0,"29":1,"30":0,"31":1,"32":0,"33":1,"34":0,"35":1,"36":0},"b":{"0":[1,1,1],"1":[1,0,0,0],"2":[0,0],"3":[0,14],"4":[0,0],"5":[0,0,0],"6":[0,0],"7":[0,0],"8":[0,0],"9":[0,0],"10":[0,0],"11":[0,0],"12":[0,0],"13":[0,0],"14":[0,0],"15":[0,0],"16":[0,0],"17":[0,0],"18":[0,0]},"_coverageSchema":"332fd63041d2c1bcb487cc26dd0d5f7d97098a6c","hash":"1ad8804fdc44972424d3aa701d0fe6622dae55a0","contentHash":"18086345190b17d7d328e4417fad3542_11.0.3"},"/home/radic/node/@radic/console/src/core/Helpers.js":{"path":"/home/radic/node/@radic/console/src/core/Helpers.js","statementMap":{"0":{"start":{"line":2,"column":17},"end":{"line":7,"column":1}},"1":{"start":{"line":3,"column":12},"end":{"line":3,"column":28}},"2":{"start":{"line":3,"column":34},"end":{"line":3,"column":125}},"3":{"start":{"line":4,"column":4},"end":{"line":5,"column":150}},"4":{"start":{"line":4,"column":79},"end":{"line":4,"column":131}},"5":{"start":{"line":5,"column":9},"end":{"line":5,"column":150}},"6":{"start":{"line":5,"column":58},"end":{"line":5,"column":150}},"7":{"start":{"line":5,"column":81},"end":{"line":5,"column":150}},"8":{"start":{"line":6,"column":4},"end":{"line":6,"column":66}},"9":{"start":{"line":8,"column":17},"end":{"line":10,"column":1}},"10":{"start":{"line":9,"column":4},"end":{"line":9,"column":109}},"11":{"start":{"line":9,"column":79},"end":{"line":9,"column":109}},"12":{"start":{"line":11,"column":0},"end":{"line":11,"column":62}},"13":{"start":{"line":12,"column":17},"end":{"line":12,"column":39}},"14":{"start":{"line":13,"column":18},"end":{"line":13,"column":40}},"15":{"start":{"line":14,"column":13},"end":{"line":14,"column":35}},"16":{"start":{"line":15,"column":8},"end":{"line":15,"column":25}},"17":{"start":{"line":16,"column":19},"end":{"line":16,"column":42}},"18":{"start":{"line":17,"column":15},"end":{"line":17,"column":34}},"19":{"start":{"line":18,"column":15},"end":{"line":115,"column":3}},"20":{"start":{"line":20,"column":8},"end":{"line":20,"column":34}},"21":{"start":{"line":21,"column":8},"end":{"line":21,"column":27}},"22":{"start":{"line":22,"column":8},"end":{"line":22,"column":29}},"23":{"start":{"line":24,"column":4},"end":{"line":28,"column":6}},"24":{"start":{"line":25,"column":8},"end":{"line":25,"column":65}},"25":{"start":{"line":26,"column":8},"end":{"line":26,"column":67}},"26":{"start":{"line":27,"column":8},"end":{"line":27,"column":53}},"27":{"start":{"line":29,"column":4},"end":{"line":37,"column":6}},"28":{"start":{"line":30,"column":8},"end":{"line":30,"column":59}},"29":{"start":{"line":30,"column":39},"end":{"line":30,"column":57}},"30":{"start":{"line":31,"column":8},"end":{"line":31,"column":43}},"31":{"start":{"line":32,"column":21},"end":{"line":32,"column":55}},"32":{"start":{"line":33,"column":8},"end":{"line":33,"column":51}},"33":{"start":{"line":34,"column":8},"end":{"line":34,"column":51}},"34":{"start":{"line":35,"column":16},"end":{"line":35,"column":53}},"35":{"start":{"line":36,"column":8},"end":{"line":36,"column":60}},"36":{"start":{"line":38,"column":4},"end":{"line":58,"column":6}},"37":{"start":{"line":39,"column":20},"end":{"line":39,"column":24}},"38":{"start":{"line":40,"column":8},"end":{"line":40,"column":61}},"39":{"start":{"line":40,"column":40},"end":{"line":40,"column":59}},"40":{"start":{"line":41,"column":29},"end":{"line":41,"column":66}},"41":{"start":{"line":42,"column":8},"end":{"line":46,"column":9}},"42":{"start":{"line":43,"column":12},"end":{"line":45,"column":13}},"43":{"start":{"line":44,"column":16},"end":{"line":44,"column":23}},"44":{"start":{"line":47,"column":8},"end":{"line":53,"column":11}},"45":{"start":{"line":48,"column":12},"end":{"line":50,"column":13}},"46":{"start":{"line":49,"column":16},"end":{"line":49,"column":23}},"47":{"start":{"line":51,"column":12},"end":{"line":51,"column":63}},"48":{"start":{"line":52,"column":12},"end":{"line":52,"column":76}},"49":{"start":{"line":54,"column":8},"end":{"line":56,"column":9}},"50":{"start":{"line":55,"column":12},"end":{"line":55,"column":85}},"51":{"start":{"line":57,"column":8},"end":{"line":57,"column":28}},"52":{"start":{"line":59,"column":4},"end":{"line":102,"column":6}},"53":{"start":{"line":60,"column":20},"end":{"line":60,"column":24}},"54":{"start":{"line":61,"column":8},"end":{"line":61,"column":59}},"55":{"start":{"line":61,"column":39},"end":{"line":61,"column":57}},"56":{"start":{"line":62,"column":22},"end":{"line":62,"column":41}},"57":{"start":{"line":63,"column":8},"end":{"line":65,"column":9}},"58":{"start":{"line":64,"column":12},"end":{"line":64,"column":19}},"59":{"start":{"line":66,"column":8},"end":{"line":66,"column":40}},"60":{"start":{"line":67,"column":8},"end":{"line":76,"column":9}},"61":{"start":{"line":68,"column":12},"end":{"line":75,"column":15}},"62":{"start":{"line":69,"column":16},"end":{"line":74,"column":17}},"63":{"start":{"line":70,"column":20},"end":{"line":72,"column":21}},"64":{"start":{"line":71,"column":24},"end":{"line":71,"column":189}},"65":{"start":{"line":73,"column":20},"end":{"line":73,"column":46}},"66":{"start":{"line":77,"column":26},"end":{"line":77,"column":55}},"67":{"start":{"line":78,"column":8},"end":{"line":78,"column":60}},"68":{"start":{"line":79,"column":8},"end":{"line":79,"column":82}},"69":{"start":{"line":80,"column":8},"end":{"line":82,"column":9}},"70":{"start":{"line":81,"column":12},"end":{"line":81,"column":47}},"71":{"start":{"line":83,"column":8},"end":{"line":86,"column":11}},"72":{"start":{"line":84,"column":12},"end":{"line":84,"column":85}},"73":{"start":{"line":85,"column":12},"end":{"line":85,"column":31}},"74":{"start":{"line":88,"column":8},"end":{"line":100,"column":11}},"75":{"start":{"line":89,"column":25},"end":{"line":89,"column":53}},"76":{"start":{"line":90,"column":12},"end":{"line":99,"column":15}},"77":{"start":{"line":91,"column":27},"end":{"line":91,"column":29}},"78":{"start":{"line":92,"column":16},"end":{"line":94,"column":17}},"79":{"start":{"line":93,"column":20},"end":{"line":93,"column":45}},"80":{"start":{"line":95,"column":16},"end":{"line":95,"column":78}},"81":{"start":{"line":96,"column":16},"end":{"line":98,"column":17}},"82":{"start":{"line":97,"column":20},"end":{"line":97,"column":59}},"83":{"start":{"line":101,"column":8},"end":{"line":101,"column":38}},"84":{"start":{"line":103,"column":4},"end":{"line":106,"column":44}},"85":{"start":{"line":107,"column":4},"end":{"line":110,"column":44}},"86":{"start":{"line":111,"column":4},"end":{"line":113,"column":16}},"87":{"start":{"line":114,"column":4},"end":{"line":114,"column":19}},"88":{"start":{"line":116,"column":0},"end":{"line":116,"column":26}}},"fnMap":{"0":{"name":"(anonymous_0)","decl":{"start":{"line":2,"column":46},"end":{"line":2,"column":47}},"loc":{"start":{"line":2,"column":87},"end":{"line":7,"column":1}},"line":2},"1":{"name":"(anonymous_1)","decl":{"start":{"line":8,"column":46},"end":{"line":8,"column":47}},"loc":{"start":{"line":8,"column":62},"end":{"line":10,"column":1}},"line":8},"2":{"name":"(anonymous_2)","decl":{"start":{"line":18,"column":15},"end":{"line":18,"column":16}},"loc":{"start":{"line":18,"column":27},"end":{"line":115,"column":1}},"line":18},"3":{"name":"Helpers","decl":{"start":{"line":19,"column":13},"end":{"line":19,"column":20}},"loc":{"start":{"line":19,"column":23},"end":{"line":23,"column":5}},"line":19},"4":{"name":"(anonymous_4)","decl":{"start":{"line":24,"column":34},"end":{"line":24,"column":35}},"loc":{"start":{"line":24,"column":53},"end":{"line":28,"column":5}},"line":24},"5":{"name":"(anonymous_5)","decl":{"start":{"line":29,"column":37},"end":{"line":29,"column":38}},"loc":{"start":{"line":29,"column":67},"end":{"line":37,"column":5}},"line":29},"6":{"name":"(anonymous_6)","decl":{"start":{"line":38,"column":37},"end":{"line":38,"column":38}},"loc":{"start":{"line":38,"column":62},"end":{"line":58,"column":5}},"line":38},"7":{"name":"(anonymous_7)","decl":{"start":{"line":47,"column":31},"end":{"line":47,"column":32}},"loc":{"start":{"line":47,"column":47},"end":{"line":53,"column":9}},"line":47},"8":{"name":"(anonymous_8)","decl":{"start":{"line":59,"column":36},"end":{"line":59,"column":37}},"loc":{"start":{"line":59,"column":66},"end":{"line":102,"column":5}},"line":59},"9":{"name":"(anonymous_9)","decl":{"start":{"line":68,"column":36},"end":{"line":68,"column":37}},"loc":{"start":{"line":68,"column":54},"end":{"line":75,"column":13}},"line":68},"10":{"name":"(anonymous_10)","decl":{"start":{"line":83,"column":37},"end":{"line":83,"column":38}},"loc":{"start":{"line":83,"column":65},"end":{"line":86,"column":9}},"line":83},"11":{"name":"(anonymous_11)","decl":{"start":{"line":88,"column":47},"end":{"line":88,"column":48}},"loc":{"start":{"line":88,"column":68},"end":{"line":100,"column":9}},"line":88},"12":{"name":"(anonymous_12)","decl":{"start":{"line":90,"column":41},"end":{"line":90,"column":42}},"loc":{"start":{"line":90,"column":53},"end":{"line":99,"column":13}},"line":90}},"branchMap":{"0":{"loc":{"start":{"line":2,"column":17},"end":{"line":7,"column":1}},"type":"binary-expr","locations":[{"start":{"line":2,"column":18},"end":{"line":2,"column":22}},{"start":{"line":2,"column":26},"end":{"line"
[...]
"line":46},"26":{"loc":{"start":{"line":49,"column":12},"end":{"line":51,"column":13}},"type":"if","locations":[{"start":{"line":49,"column":12},"end":{"line":51,"column":13}},{"start":{"line":49,"column":12},"end":{"line":51,"column":13}}],"line":49},"27":{"loc":{"start":{"line":53,"column":8},"end":{"line":56,"column":9}},"type":"if","locations":[{"start":{"line":53,"column":8},"end":{"line":56,"column":9}},{"start":{"line":53,"column":8},"end":{"line":56,"column":9}}],"line":53},"28":{"loc":{"start":{"line":53,"column":12},"end":{"line":53,"column":72}},"type":"binary-expr","locations":[{"start":{"line":53,"column":12},"end":{"line":53,"column":41}},{"start":{"line":53,"column":45},"end":{"line":53,"column":72}}],"line":53},"29":{"loc":{"start":{"line":57,"column":8},"end":{"line":60,"column":9}},"type":"if","locations":[{"start":{"line":57,"column":8},"end":{"line":60,"column":9}},{"start":{"line":57,"column":8},"end":{"line":60,"column":9}}],"line":57},"30":{"loc":{"start":{"line":57,"column":12},"end":{"line":57,"column":61}},"type":"binary-expr","locations":[{"start":{"line":57,"column":12},"end":{"line":57,"column":43}},{"start":{"line":57,"column":47},"end":{"line":57,"column":61}}],"line":57},"31":{"loc":{"start":{"line":61,"column":8},"end":{"line":64,"column":9}},"type":"if","locations":[{"start":{"line":61,"column":8},"end":{"line":64,"column":9}},{"start":{"line":61,"column":8},"end":{"line":64,"column":9}}],"line":61},"32":{"loc":{"start":{"line":61,"column":12},"end":{"line":61,"column":61}},"type":"binary-expr","locations":[{"start":{"line":61,"column":12},"end":{"line":61,"column":39}},{"start":{"line":61,"column":43},"end":{"line":61,"column":61}}],"line":61},"33":{"loc":{"start":{"line":65,"column":8},"end":{"line":68,"column":9}},"type":"if","locations":[{"start":{"line":65,"column":8},"end":{"line":68,"column":9}},{"start":{"line":65,"column":8},"end":{"line":68,"column":9}}],"line":65},"34":{"loc":{"start":{"line":69,"column":8},"end":{"line":71,"column":9}},"type":"if","locations":[{"start":{"line":69,"column":8},"end":{"line":71,"column":9}},{"start":{"line":69,"column":8},"end":{"line":71,"column":9}}],"line":69},"35":{"loc":{"start":{"line":69,"column":12},"end":{"line":69,"column":61}},"type":"binary-expr","locations":[{"start":{"line":69,"column":12},"end":{"line":69,"column":39}},{"start":{"line":69,"column":43},"end":{"line":69,"column":61}}],"line":69},"36":{"loc":{"start":{"line":74,"column":8},"end":{"line":74,"column":43}},"type":"if","locations":[{"start":{"line":74,"column":8},"end":{"line":74,"column":43}},{"start":{"line":74,"column":8},"end":{"line":74,"column":43}}],"line":74},"37":{"loc":{"start":{"line":79,"column":16},"end":{"line":79,"column":40}},"type":"cond-expr","locations":[{"start":{"line":79,"column":31},"end":{"line":79,"column":34}},{"start":{"line":79,"column":37},"end":{"line":79,"column":40}}],"line":79},"38":{"loc":{"start":{"line":81,"column":16},"end":{"line":81,"column":48}},"type":"cond-expr","locations":[{"start":{"line":81,"column":28},"end":{"line":81,"column":43}},{"start":{"line":81,"column":46},"end":{"line":81,"column":48}}],"line":81},"39":{"loc":{"start":{"line":82,"column":16},"end":{"line":82,"column":40}},"type":"cond-expr","locations":[{"start":{"line":82,"column":31},"end":{"line":82,"column":34}},{"start":{"line":82,"column":37},"end":{"line":82,"column":40}}],"line":82},"40":{"loc":{"start":{"line":85,"column":21},"end":{"line":85,"column":42}},"type":"binary-expr","locations":[{"start":{"line":85,"column":21},"end":{"line":85,"column":36}},{"start":{"line":85,"column":40},"end":{"line":85,"column":42}}],"line":85},"41":{"loc":{"start":{"line":88,"column":16},"end":{"line":88,"column":59}},"type":"cond-expr","locations":[{"start":{"line":88,"column":31},"end":{"line":88,"column":54}},{"start":{"line":88,"column":57},"end":{"line":88,"column":59}}],"line":88},"42":{"loc":{"start":{"line":89,"column":28},"end":{"line":89,"column":72}},"type":"cond-expr","locations":[{"start":{"line":89,"column":53},"end":{"line":89,"column":61}},{"start":{"line":89,"column":64},"end":{"line":89,"column":72}}],"line":89},"43":{"loc":{"start":{"line":90,"column":16},"end":{"line":90,"column":54}},"type":"cond-expr","locations":[{"start":{"line":90,"column":31},"end":{"line":90,"column":49}},{"start":{"line":90,"column":52},"end":{"line":90,"column":54}}],"line":90},"44":{"loc":{"start":{"line":94,"column":12},"end":{"line":96,"column":13}},"type":"if","locations":[{"start":{"line":94,"column":12},"end":{"line":96,"column":13}},{"start":{"line":94,"column":12},"end":{"line":96,"column":13}}],"line":94},"45":{"loc":{"start":{"line":107,"column":8},"end":{"line":112,"column":9}},"type":"if","locations":[{"start":{"line":107,"column":8},"end":{"line":112,"column":9}},{"start":{"line":107,"column":8},"end":{"line":112,"column":9}}],"line":107},"46":{"loc":{"start":{"line":108,"column":20},"end":{"line":108,"column":56}},"type":"binary-expr","locations":[{"start":{"line":108,"column":20},"end":{"line":108,"column":41}},{"start":{"line":108,"column":45},"end":{"line":108,"column":56}}],"line":108},"47":{"loc":{"start":{"line":110,"column":13},"end":{"line":112,"column":9}},"type":"if","locations":[{"start":{"line":110,"column":13},"end":{"line":112,"column":9}},{"start":{"line":110,"column":13},"end":{"line":112,"column":9}}],"line":110},"48":{"loc":{"start":{"line":110,"column":17},"end":{"line":110,"column":88}},"type":"binary-expr","locations":[{"start":{"line":110,"column":17},"end":{"line":110,"column":55}},{"start":{"line":110,"column":59},"end":{"line":110,"column":88}}],"line":110},"49":{"loc":{"start":{"line":113,"column":8},"end":{"line":118,"column":9}},"type":"if","locations":[{"start":{"line":113,"column":8},"end":{"line":118,"column":9}},{"start":{"line":113,"column":8},"end":{"line":118,"column":9}}],"line":113},"50":{"loc":{"start":{"line":115,"column":12},"end":{"line":117,"column":13}},"type":"if","locations":[{"start":{"line":115,"column":12},"end":{"line":117,"column":13}},{"start":{"line":115,"column":12},"end":{"line":117,"column":13}}],"line":115},"51":{"loc":{"start":{"line":129,"column":23},"end":{"line":129,"column":62}},"type":"cond-expr","locations":[{"start":{"line":129,"column":41},"end":{"line":129,"column":50}},{"start":{"line":129,"column":53},"end":{"line":129,"column":62}}],"line":129},"52":{"loc":{"start":{"line":131,"column":12},"end":{"line":138,"column":13}},"type":"if","locations":[{"start":{"line":131,"column":12},"end":{"line":138,"column":13}},{"start":{"line":131,"column":12},"end":{"line":138,"column":13}}],"line":131},"53":{"loc":{"start":{"line":132,"column":16},"end":{"line":133,"column":47}},"type":"if","locations":[{"start":{"line":132,"column":16},"end":{"line":133,"column":47}},{"start":{"line":132,"column":16},"end":{"line":133,"column":47}}],"line":132},"54":{"loc":{"start":{"line":163,"column":12},"end":{"line":174,"column":13}},"type":"if","locations":[{"start":{"line":163,"column":12},"end":{"line":174,"column":13}},{"start":{"line":163,"column":12},"end":{"line":174,"column":13}}],"line":163},"55":{"loc":{"start":{"line":163,"column":16},"end":{"line":163,"column":46}},"type":"binary-expr","locations":[{"start":{"line":163,"column":16},"end":{"line":163,"column":20}},{"start":{"line":163,"column":24},"end":{"line":163,"column":46}}],"line":163},"56":{"loc":{"start":{"line":170,"column":16},"end":{"line":172,"column":17}},"type":"if","locations":[{"start":{"line":170,"column":16},"end":{"line":172,"column":17}},{"start":{"line":170,"column":16},"end":{"line":172,"column":17}}],"line":170},"57":{"loc":{"start":{"line":176,"column":12},"end":{"line":178,"column":13}},"type":"if","locations":[{"start":{"line":176,"column":12},"end":{"line":178,"column":13}},{"start":{"line":176,"column":12},"end":{"line":178,"column":13}}],"line":176},"58":{"loc":{"start":{"line":176,"column":16},"end":{"line":176,"column":50}},"type":"binary-expr","locations":[{"start":{"line":176,"column":16},"end":{"line":176,"column":34}},{"start":{"line":176,"column":38},"end":{"line":176,"column":50}}],"line":176},"59":{"loc":{"start":{"line":180,"column":12},"end":{"line":182,"column":13}},"type":"if","locations":[{"start":{"line":180,"column":12},"end":{"line":182,"column":13}},{"start":{"line":180,"column":12},"end":{"line":182,"column":13}}],"line":180},"60":{"loc":{"start":{"line":186,"column":42},"end":{"line":186,"column":66}},"type":"cond-expr","locations":[{"start":{"line":186,"column":49},"end":{"line":186,"column":61}},{"start":{"line":186,"column":64},"end":{"line":186,"column":66}}],"line":186},"61":{"loc":{"start":{"line":187,"column":12},"end":{"line":188,"column":13}},"type":"if","locations":[{"start":{"line":187,"column":12},"end":{"line":188,"column":13}},{"start":{"line":187,"column":12},"end":{"line":188,"column":13}}],"line":187},"62":{"loc":{"start":{"line":189,"column":12},"end":{"line":190,"column":13}},"type":"if","locations":[{"start":{"line":189,"column":12},"end":{"line":190,"column":13}},{"start":{"line":189,"column":12},"end":{"line":190,"column":13}}],"line":189},"63":{"loc":{"start":{"line":205,"column":8},"end":{"line":205,"column":58}},"type":"if","locations":[{"start":{"line":205,"column":8},"end":{"line":205,"column":58}},{"start":{"line":205,"column":8},"end":{"line":205,"column":58}}],"line":205},"64":{"loc":{"start":{"line":206,"column":53},"end":{"line":206,"column":89}},"type":"binary-expr","locations":[{"start":{"line":206,"column":53},"end":{"line":206,"column":73}},{"start":{"line":206,"column":77},"end":{"line":206,"column":83}},{"start":{"line":206,"column":87},"end":{"line":206,"column":89}}],"line":206},"65":{"loc":{"start":{"line":225,"column":8},"end":{"line":231,"column":9}},"type":"if","locations":[{"start":{"line":225,"column":8},"end":{"line":231,"column":9}},{"start":{"line":225,"column":8},"end":{"line":231,"column":9}}],"line":225},"66":{"loc":{"start":{"line":235,"column":8},"end":{"line":249,"column":9}},"type":"if","locations":[{"start":{"line":235,"column":8},"end":{"line":249,"column":9}},{"start":{"line":235,"column":8},"end":{"line":249,"column":9}}],"line":235},"67":{"loc":{"start":{"line":240,"column":12},"end":{"line":248,"column":13}},"type":"if","locations":[{"start":{"line":240,"column":12},"end":{"line":248,"column":13}},{"start":{"line":240,"column":12},"end":{"line":248,"column":13}}],"line":240},"68":{"loc":{"start":{"line":242,"column":16},"end":{"line":245,"column":17}},"type":"if","locations":[{"start":{"line":242,"column":16},"end":{"line":245,"column":17}},{"start":{"line":242,"column":16},"end":{"line":245,"column":17}}],"line":242},"69":{"loc":{"start":{"line":252,"column":8},"end":{"line":261,"column":9}},"type":"if","locations":[{"start":{"line":252,"column":8},"end":{"line":261,"column":9}},{"start":{"line":252,"column":8},"end":{"line":261,"column":9}}],"line":252},"70":{"loc":{"start":{"line":252,"column":12},"end":{"line":252,"column":89}},"type":"binary-expr","locations":[{"start":{"line":252,"column":12},"end":{"line":252,"column":44}},{"start":{"line":252,"column":48},"end":{"line":252,"column":89}}],"line":252},"71":{"loc":{"start":{"line":253,"column":12},"end":{"line":254,"column":23}},"type":"if","locations":[{"start":{"line":253,"column":12},"end":{"line":254,"column":23}},{"start":{"line":253,"column":12},"end":{"line":254,"column":23}}],"line":253},"72":{"loc":{"start":{"line":310,"column":31},"end":{"line":310,"column":123}},"type":"cond-expr","locations":[{"start":{"line":310,"column":46},"end":{"line":310,"column":83}},{"start":{"line":310,"column":86},"end":{"line":310,"column":123}}],"line":310}},"s":{"0":1,"1":5,"2":5,"3":5,"4":5,"5":0,"6":0,"7":0,"8":5,"9":1,"10":4,"11":4,"12":1,"13":1,"14":1,"15":1,"16":1,"17":1,"18":1,"19":1,"20":1,"21":1,"22":1,"23":1,"24":0,"25":0,"26":0,"27":0,"28":1,"29":0,"30":0,"31":0,"32":0,"33":0,"34":0,"35":0,"36":0,"37":0,"38":0,"39":0,"40":0,"41":0,"42":0,"43":0,"44":0,"45":0,"46":0,"47":0,"48":0,"49":0,"50":0,"51":0,"52":0,"53":0,"54":0,"55":0,"56":0,"57":0,"58":0,"59":0,"60":0,"61":1,"62":0,"63":0,"64":0,"65":0,"66":0,"67":0,"68":0,"69":0,"70":0,"71":0,"72":0,"73":0,"74":0,"75":0,"76":1,"77":0,"78":0,"79":0,"80":0,"81":0,"82":0,"83":0,"84":0,"85":0,"86":1,"87":0,"88":0,"89":0,"90":0,"91":0,"92":0,"93":0,"94":0,"95":0,"96":0,"97":0,"98":0,"99":0,"100":0,"101":0,"102":0,"103":0,"104":0,"105":0,"106":0,"107":0,"108":1,"109":0,"110":1,"111":0,"112":0,"113":0,"114":0,"115":0,"116":0,"117":0,"118":0,"119":0,"120":0,"121":0,"122":0,"123":0,"124":0,"125":0,"126":0,"127":0,"128":0,"129":0,"130":0,"131":0,"132":0,"133":0,"134":0,"135":0,"136":0,"137":0,"138":0,"139":0,"140":1,"141":0,"142":0,"143":0,"144":1,"145":0,"146":0,"147":0,"148":0,"149":1,"150":0,"151":0,"152":1,"153":0,"154":0,"155":1,"156":0,"157":0,"158":1,"159":0,"160":0,"161":0,"162":0,"163":0,"164":0,"165":0,"166":0,"167":0,"168":0,"169":0,"170":0,"171":1,"172":0,"173":0,"174":0,"175":0,"176":0,"177":0,"178":0,"179":0,"180":1,"181":1,"182":1,"183":1,"184":1,"185":0,"186":0,"187":0,"188":1,"189":1},"f":{"0":5,"1":4,"2":1,"3":0,"4":0,"5":0,"6":0,"7":0,"8":0,"9":0,"10":0,"11":0,"12":0,"13":0,"14":0,"15":0,"16":0,"17":0,"18":0,"19":0,"20":0,"21":0,"22":0,"23":0,"24":0,"25":0,"26":0,"27":0},"b":{"0":[1,1,1],"1":[1,4],"2":[0,4],"3":[5,0],"4":[5,5],"5":[0,0],"6":[0,0],"7":[0,0],"8":[0,0],"9":[5,4,0],"10":[1,1,1],"11":[4,0],"12":[4,4],"13":[0,0],"14":[0,0],"15":[0,0],"16":[0,0],"17":[0,0],"18":[0,0,0],"19":[0,0],"20":[0,0],"21":[0,0],"22":[0,0],"23":[0,0],"24":[0,0],"25":[0,0],"26":[0,0],"27":[0,0],"28":[0,0],"29":[0,0],"30":[0,0],"31":[0,0],"32":[0,0],"33":[0,0],"34":[0,0],"35":[0,0],"36":[0,0],"37":[0,0],"38":[0,0],"39":[0,0],"40":[0,0],"41":[0,0],"42":[0,0],"43":[0,0],"44":[0,0],"45":[0,0],"46":[0,0],"47":[0,0],"48":[0,0],"49":[0,0],"50":[0,0],"51":[0,0],"52":[0,0],"53":[0,0],"54":[0,0],"55":[0,0],"56":[0,0],"57":[0,0],"58":[0,0],"59":[0,0],"60":[0,0],"61":[0,0],"62":[0,0],"63":[0,0],"64":[0,0,0],"65":[0,0],"66":[0,0],"67":[0,0],"68":[0,0],"69":[0,0],"70":[0,0],"71":[0,0],"72":[0,0]},"_coverageSchema":"332fd63041d2c1bcb487cc26dd0d5f7d97098a6c","hash":"4a529d2c40075e6496330dbebb7b8996cc95e491","contentHash":"c19d6b0b067874cd692c2ade9b0bd8c0_11.0.3"},"/home/radic/node/@radic/console/src/helpers/events.js":{"path":"/home/radic/node/@radic/console/src/helpers/events.js","statementMap":{"0":{"start":{"line":2,"column":16},"end":{"line":11,"column":4}},"1":{"start":{"line":3,"column":24},"end":{"line":5,"column":82}},"2":{"start":{"line":4,"column":65},"end":{"line":4,"column":81}},"3":{"start":{"line":5,"column":26},"end":{"line":5,"column":80}},"4":{"start":{"line":5,"column":43},"end":{"line":5,"column":80}},"5":{"start":{"line":5,"column":68},"end":{"line":5,"column":80}},"6":{"start":{"line":6,"column":4},"end":{"line":10,"column":6}},"7":{"start":{"line":7,"column":8},"end":{"line":7,"column":28}},"8":{"start":{"line":8,"column":24},"end":{"line":8,"column":45}},"9":{"start":{"line":9,"column":8},"end":{"line":9,"column":93}},"10":{"start":{"line":12,"column":0},"end":{"line":12,"column":62}},"11":{"start":{"line":13,"column":15},"end":{"line":13,"column":40}},"12":{"start":{"line":14,"column":49},"end":{"line":22,"column":21}},"13":{"start":{"line":15,"column":4},"end":{"line":15,"column":65}},"14":{"start":{"line":17,"column":20},"end":{"line":17,"column":91}},"15":{"start":{"line":18,"column":8},"end":{"line":18,"column":40}},"16":{"start":{"line":19,"column":8},"end":{"line":19,"column":21}},"17":{"start":{"line":21,"column":4},"end":{"line":21,"column":53}},"18":{"start":{"line":23,"column":0},"end":{"line":23,"column":94}},"19":{"start":{"line":24,"column":31},"end":{"line":33,"column":21}},"20":{"start":{"line":25,"column":4},"end":{"line":25,"column":47}},"21":{"start":{"line":27,"column":20},"end":{"line":27,"column":70}},"22":{"start":{"line":28,"column":8},"end":{"line":28,"column":30}},"23":{"start":{"line":29,"column":8},"end":{"line":29,"column":32}},"24":{"start":{"line":30,"column":8},"end":{"line":30,"column":21}},"25":{"start":{"line":32,"column":4},"end":{"line":32,"column":35}},"26":{"start":{"line":34,"column":0},"end":{"line":34,"column":58}}},"fnMap":{"0":{"name":"(anonymous_0)","decl":{"start":{"line":2,"column":45},"end":{"line":2,"column":46}},"loc":{"start":{"line":2,"column":57},"end":{"line":11,"column":1}},"line":2},"1":{"name":"(anonymous_1)","decl":{"start":{"line":4,"column":47},"end":{"line":4,"column":48}},"loc":{"start":{"line":4,"column":63},"end":{"line":4,"column":83}},"line":4},"2":{"name":"(anonymous_2)","decl":{"start":{"line":5,"column":8},"end":{"line":5,"column":9}},"loc":{"start":{"line":5,"column":24},"end":{"line":5,"column":82}},"line":5},"3":{"name":"(anonymous_3)","decl":{"start":{"line":6,"column":11},"end":{"line":6,"column":12}},"loc":{"start":{"line":6,"column":27},"end":{"line":10,"column":5}},"line":6},"4":{"name":"__","decl":{"start":{"line":8,"column":17},"end":{"line":8,"column":19}},"loc":{"start":{"line":8,"column":22},"end":{"line":8,"column":47}},"line":8},"5":{"name":"(anonymous_5)","decl":{"start":{"line":14,"column":49},"end":{"line":14,"column":50}},"loc":{"start":{"line":14,"column":67},"end":{"line":22,"column":1}},"line":14},"6":{"name":"HelpHelperOnInvalidArgumentsShowHelpEvent","decl":{"start":{"line":16,"column":13},"end":{"line":16,"column":54}},"loc":{"start":{"line":16,"column":68},"end":{"line":20,"column":5}},"line":16},"7":{"name":"(anonymous_7)","decl":{"start":{"line":24,"column":31},"end":{"line":24,"column":32}},"loc":{"start":{"line":24,"column":49},"end":{"line":33,"column":1}},"line":24},"8":{"name":"HelpHelperShowHelpEvent","decl":{"start":{"line":26,"column":13},"end":{"line":26,"column":36}},"loc":{"start":{"line":26,"column":54},"end":{"line":31,"column":5}},"line":26}},"branchMap":{"0":{"loc":{"start":{"line":2,"column":16},"end":{"line":11,"column":4}},"type":"binary-expr","locations":[{"start":{"line":2,"column":17},"end":{"line":2,"column":21}},{"start":{"line":2,"column":25},"end":{"line":2,"column":39}},{"start":{"line":2,"column":44},"end":{"line":11,"column":4}}],"line":2},"1":{"loc":{"start":{"line":3,"column":24},"end":{"line":5,"column":82}},"type":"binary-expr","locations":[{"start":{"line":3,"column":24},"end":{"line":3,"column":45}},{"start":{"line":4,"column":9},"end":{"line":4,"column":43}},{"start":{"line":4,"column":47},"end":{"line":4,"column":83}},{"start":{"line":5,"column":8},"end":{"line":5,"column":82}}],"line":3},"2":{"loc":{"start":{"line":5,"column":43},"end":{"line":5,"column":80}},"type":"if","locations":[{"start":{"line":5,"column":43},"end":{"line":5,"column":80}},{"start":{"line":5,"column":43},"end":{"line":5,"column":80}}],"line":5},"3":{"loc":{"start":{"line":9,"column":22},"end":{"line":9,"column":92}},"type":"cond-expr","locations":[{"start":{"line":9,"column":35},"end":{"line":9,"column":51}},{"start":{"line":9,"column":55},"end":{"line":9,"column":91}}],"line":9},"4":{"loc":{"start":{"line":17,"column":20},"end":{"line":17,"column":91}},"type":"binary-expr","locations":[{"start":{"line":17,"column":20},"end":{"line":17,"column":83}},{"start":{"line":17,"column":87},"end":{"line":17,"column":91}}],"line":17},"5":{"loc":{"start":{"line":27,"column":20},"end":{"line":27,"column":70}},"type":"binary-expr","locations":[{"start":{"line":27,"column":20},"end":{"line":27,"column":62}},{"start":{"line":27,"column":66},"end":{"line":27,"column":70}}],"line":27}},"s":{"0":1,"1":1,"2":0,"3":0,"4":0,"5":0,"6":1,"7":2,"8":2,"9":2,"10":1,"11":1,"12":1,"13":1,"14":0,"15":0,"16":0,"17":1,"18":1,"19":1,"20":1,"21":0,"22":0,"23":0,"24":0,"25":1,"26":1},"f":{"0":1,"1":0,"2":0,"3":2,"4":2,"5":1,"6":0,"7":1,"8":0},"b":{"0":[1,1,1],"1":[1,0,0,0],"2":[0,0],"3":[0,2],"4":[0,0],"5":[0,0]},"_coverageSchema":"332fd63041d2c1bcb487cc26dd0d5f7d97098a6c","hash":"9c10bbfa297605dd73be121124bc4939069c2153","contentHash":"f61f7f02d600a88b12ed1c589a159869_11.0.3"}}